MPASM 5.86             NEWPIC_8B_GENERAL.ASM   2-14-2023  16:48:38         PAGE  1


LOC  OBJECT CODE     LINE SOURCE TEXT
  VALUE

                      00001 ;LIST P=PIC18F4321 F=INHX32
                      00002 ;#include <p18f4321.inc>
                      00003 ;    
                      00004 ;CONFIG OSC=HS
                      00005 ;CONFIG PBADEN=DIG
                      00006 ;CONFIG WDT=OFF
                      00007 ;    
                      00008 ;ORG 0x0000
                      00009 ;GOTO MAIN
                      00010 ;ORG 0x0008
                      00011 ;RETFIE FAST
                      00012 ;ORG 0x0018
                      00013 ;RETFIE FAST
                      00014 ;
                      00015 ;; Definim variables  
                      00016 ;  
                      00017 ;   
                      00018 ;INIT_PORTS
                      00019 ;  RETURN
                      00020 ;
                      00021 ;INIT_EUSART
                      00022 ;  ; Set EUSART PORTs
                      00023 ;  BSF TRISC,6,0
                      00024 ;  BSF TRISC,7,0
                      00025 ;  ; Load TXSTA
                      00026 ;  MOVLW b'00100110'
                      00027 ;  MOVWF TXSTA,0
                      00028 ;  ; Load RCSTA
                      00029 ;  MOVLW b'10010000'
                      00030 ;  MOVWF RCSTA,0
                      00031 ;  ; Load BAUDCON
                      00032 ;  MOVLW b'01001000'
                      00033 ;  ; Load the n (Baud Rate)
                      00034 ;  MOVLW HIGH(.259)
                      00035 ;  MOVWF SPBRGH,0
                      00036 ;  MOVLW LOW(.259)
                      00037 ;  MOVWF SPBRG,0  
                      00038 ;  RETURN
                      00039 ;MAIN
                      00040 ;  CALL INIT_PORTS
                      00041 ;  CALL INIT_EUSART  
                      00042 ;LOOP
                      00043 ;  ; Wait TXReg to be empty
                      00044 ;  WAIT_TX_EMPTY
                      00045 ;    BTFSS   TXSTA,TRMT,0
                      00046 ;    GOTO    WAIT_TX_EMPTY
                      00047 ;  ; Load TXReg
                      00048 ;  MOVLW .9
                      00049 ;  MOVWF TXREG,0
                      00050 ;  
                      00051 ;  GOTO LOOP    
                      00052 ;
                      00053 ;END
MPASM 5.86             NEWPIC_8B_GENERAL.ASM   2-14-2023  16:48:38         PAGE  2


LOC  OBJECT CODE     LINE SOURCE TEXT
  VALUE

                      00054     
                      00055     
Warning[205]: Found directive in column 1. (LIST)
Warning[215]: Processor superseded by command line.  Verify processor symbol.
                      00056 LIST P=PIC18F4321   F=INHX32
                      00057 
                      00058 ;El com es troba en el administrador de dispositivos
                      00059 
                      00060     #include <p18f4321.inc>
                      00001         LIST
                      00002 
                      00003 ;==========================================================================
                      00004 ; Build date : Oct 24 2019
                      00005 ;  MPASM PIC18F4321 processor include
                      00006 ; 
                      00007 ;  (c) Copyright 1999-2019 Microchip Technology, All rights reserved
                      00008 ;==========================================================================
                      00009 
                      01455         LIST
                      00061 
                      00062     CONFIG  OSC=HS     ; L?oscil.lador
                      00063 
                      00064     CONFIG  PBADEN=DIG ; Volem que el PORTB sigui DIGital
                      00065 
                      00066     CONFIG  WDT=OFF    ; Desactivem el WatchDog Timer
                      00067 
                      00068     
                      00069 
Warning[207]: Found label after column 1. (LoQueTransmeto)
  00000000            00070     LoQueTransmeto EQU 0X00
                      00071 
Warning[207]: Found label after column 1. (LoQueRebo)
  00000001            00072     LoQueRebo EQU 0X01
                      00073 
                      00074  
                      00075 
                      00076     ORG     0x0000
                      00077 
000000 EF?? F???      00078     GOTO    MAIN 
                      00079 
                      00080     ORG     0x0008
                      00081 
000008 0011           00082     RETFIE FAST
                      00083 
                      00084     ;GOTO ProcessaRSI
                      00085 
                      00086     ORG     0x0018
                      00087 
000018 0011           00088     RETFIE FAST
                      00089 
                      00090     ;ProcessaRSI
                      00091 
Warning[207]: Found label after column 1. (INTSIO)
MPASM 5.86             NEWPIC_8B_GENERAL.ASM   2-14-2023  16:48:38         PAGE  3


LOC  OBJECT CODE     LINE SOURCE TEXT
  VALUE

00001A                00092     INTSIO
                      00093 
Warning[203]: Found opcode in column 1. (BSF)
00001A 8C94           00094 BSF TRISC,6,0
                      00095 
Warning[203]: Found opcode in column 1. (BSF)
00001C 8E94           00096 BSF TRISC,7,0
                      00097 
Warning[203]: Found opcode in column 1. (MOVLW)
00001E 0E24           00098 MOVLW b'00100100'  ;BIT 2 HIGH SPEED OR LOW SPEED?
                      00099 
Warning[203]: Found opcode in column 1. (MOVWF)
000020 6EAC           00100 MOVWF TXSTA,0
                      00101 
Warning[203]: Found opcode in column 1. (MOVLW)
000022 0E90           00102 MOVLW b'10010000'
                      00103 
Warning[203]: Found opcode in column 1. (MOVWF)
000024 6EAB           00104 MOVWF RCSTA,0
                      00105 
Warning[203]: Found opcode in column 1. (MOVLW)
000026 0E08           00106 MOVLW b'00001000'
                      00107 
Warning[203]: Found opcode in column 1. (MOVWF)
000028 6EB8           00108 MOVWF BAUDCON,0
                      00109 
Warning[203]: Found opcode in column 1. (MOVLW)
00002A 0E01           00110 MOVLW high(.259)
                      00111 
Warning[203]: Found opcode in column 1. (MOVWF)
00002C 6EB0           00112 MOVWF SPBRGH,0
                      00113 
Warning[203]: Found opcode in column 1. (movlw)
00002E 0E03           00114 movlw low(.259)
                      00115 
Warning[203]: Found opcode in column 1. (MOVWF)
000030 6EAF           00116 MOVWF SPBRG,0
                      00117 
000032 0012           00118     RETURN
                      00119 
                      00120    
                      00121 
000034                00122 MAIN
                      00123 
000034 68C1           00124     SETF ADCON1,0; Configurem el PORTA digital 
                      00125 
000036 9692           00126     BCF TRISA,3,0
                      00127 
000038 9892           00128     BCF TRISA,4,0
                      00129 
00003A 0E61           00130     movlw 'a'
                      00131 
00003C 6E00           00132     movwf LoQueTransmeto
MPASM 5.86             NEWPIC_8B_GENERAL.ASM   2-14-2023  16:48:38         PAGE  4


LOC  OBJECT CODE     LINE SOURCE TEXT
  VALUE

                      00133 
00003E EC?? F???      00134     CALL INTSIO
                      00135 
                      00136     
                      00137 
000042                00138 LOOP
                      00139 
000042 C000 FFAD      00140     MOVFF LoQueTransmeto,TXREG
                      00141 
000046 EC?? F???      00142     Call EsperaSIOTX
                      00143 
00004A 2A00           00144     INCF LoQueTransmeto,1
                      00145 
00004C EF?? F???      00146     GOTO LOOP
                      00147 
000050                00148 EsperaSIOTX
                      00149 
000050 A2AC           00150     BTFSS TXSTA,TRMT,0 ;SKIP IF EMMPTY
                      00151 
000052 EF?? F???      00152     GOTO EsperaSIOTX
                      00153 
000056                00154 EsperaByte
                      00155 
000056 AA9E           00156     BTFSS PIR1,RCIF,0  ;Si es fica a 1 eesque ha entrat un nou byte,i aquets byte esta en el rcreg
                      00157 
000058 EF?? F???      00158     GOTO EsperaByte
                      00159 
00005C CFAE F001      00160     MOVFF RCREG,LoQueRebo ;Moc lo que rebu a la equ
                      00161 
000060 5000           00162     MOVF LoQueTransmeto,0 ;Moc lo que transmeto al work 
                      00163 
000062 6201           00164     CPFSEQ LoQueRebo,0
                      00165 
000064 EF?? F???      00166     GOTO IGUAL
                      00167 
000068 EF?? F???      00168     GOTO DIFERENT
                      00169 
Warning[203]: Found opcode in column 1. (RETURN)
00006C 0012           00170 RETURN
                      00171 
                      00172     
                      00173 
00006E                00174 DIFERENT
                      00175 
00006E 8689           00176     BSF LATA,3,0
                      00177 
000070 9889           00178         BCF LATA,4,0
                      00179 
                      00180 
Warning[203]: Found opcode in column 1. (RETURN)
000072 0012           00181 RETURN
                      00182 
000074                00183 IGUAL
MPASM 5.86             NEWPIC_8B_GENERAL.ASM   2-14-2023  16:48:38         PAGE  5


LOC  OBJECT CODE     LINE SOURCE TEXT
  VALUE

                      00184 
000074 9689           00185     BCF LATA,3,0
                      00186 
000076 8889           00187     BSF LATA,4,0
                      00188 
Warning[203]: Found opcode in column 1. (RETURN)
000078 0012           00189 RETURN
                      00190 
Warning[205]: Found directive in column 1. (END)
                      00191 END
MPASM 5.86             NEWPIC_8B_GENERAL.ASM   2-14-2023  16:48:38         PAGE  6


SYMBOL TABLE
  LABEL                             VALUE 

A                                 00000000
ABDEN                             00000000
ABDOVF                            00000007
ACCESS                            00000000
ACKDT                             00000005
ACKEN                             00000004
ACKSTAT                           00000006
ACQT0                             00000003
ACQT1                             00000004
ACQT2                             00000005
ADCON0                            00000FC2
ADCON1                            00000FC1
ADCON2                            00000FC0
ADCS0                             00000000
ADCS1                             00000001
ADCS2                             00000002
ADDEN                             00000003
ADEN                              00000003
ADFM                              00000007
ADIE                              00000006
ADIF                              00000006
ADIP                              00000006
ADMSK1                            00000001
ADMSK2                            00000002
ADMSK3                            00000003
ADMSK4                            00000004
ADMSK5                            00000005
ADON                              00000000
ADRES                             00000FC3
ADRESH                            00000FC4
ADRESL                            00000FC3
AN0                               00000000
AN1                               00000001
AN10                              00000001
AN11                              00000004
AN12                              00000000
AN2                               00000002
AN3                               00000003
AN4                               00000005
AN5                               00000000
AN6                               00000001
AN7                               00000002
AN8                               00000002
AN9                               00000003
BANKED                            00000001
BAUDCON                           00000FB8
BAUDCTL                           00000FB8
BCLIE                             00000003
BCLIF                             00000003
BCLIP                             00000003
BF                                00000000
BGST                              00000005
BOR                               00000000
MPASM 5.86             NEWPIC_8B_GENERAL.ASM   2-14-2023  16:48:38         PAGE  7


SYMBOL TABLE
  LABEL                             VALUE 

BRG16                             00000003
BRGH                              00000002
BSR                               00000FE0
C                                 00000000
C1INV                             00000004
C1N                               00000000
C1OUT_CMCON                       00000006
C1OUT_PORTA                       00000004
C1P                               00000003
C2INV                             00000005
C2N                               00000001
C2OUT_CMCON                       00000007
C2OUT_PORTA                       00000005
C2P                               00000002
CCP1                              00000002
CCP1CON                           00000FBD
CCP1IE                            00000002
CCP1IF                            00000002
CCP1IP                            00000002
CCP1M0                            00000000
CCP1M1                            00000001
CCP1M2                            00000002
CCP1M3                            00000003
CCP1X                             00000005
CCP1Y                             00000004
CCP2CON                           00000FBA
CCP2IE                            00000000
CCP2IF                            00000000
CCP2IP                            00000000
CCP2M0                            00000000
CCP2M1                            00000001
CCP2M2                            00000002
CCP2M3                            00000003
CCP2X                             00000005
CCP2Y                             00000004
CCP2_PORTB                        00000003
CCP2_PORTC                        00000001
CCPR1                             00000FBE
CCPR1H                            00000FBF
CCPR1L                            00000FBE
CCPR2                             00000FBB
CCPR2H                            00000FBC
CCPR2L                            00000FBB
CFGS                              00000006
CHS0                              00000002
CHS1                              00000003
CHS2                              00000004
CHS3                              00000005
CIS                               00000003
CK                                00000006
CKE                               00000006
CKP                               00000004
CLKI                              00000007
MPASM 5.86             NEWPIC_8B_GENERAL.ASM   2-14-2023  16:48:38         PAGE  8


SYMBOL TABLE
  LABEL                             VALUE 

CLKO                              00000006
CM0                               00000000
CM1                               00000001
CM2                               00000002
CMCON                             00000FB4
CMIE                              00000006
CMIF                              00000006
CMIP                              00000006
CREN                              00000004
CS                                00000002
CSRC                              00000007
CVR0                              00000000
CVR1                              00000001
CVR2                              00000002
CVR3                              00000003
CVRCON                            00000FB5
CVREF                             00000002
CVREN                             00000007
CVROE                             00000006
CVRR                              00000005
CVRSS                             00000004
D                                 00000005
DC                                00000001
DC1B0                             00000004
DC1B1                             00000005
DC2B0                             00000004
DC2B1                             00000005
DDRA                              TRISA
DDRB                              TRISB
DDRC                              TRISC
DDRD                              TRISD
DDRE                              TRISE
DIFERENT                          0000006E
DONE                              00000001
D_A                               00000005
D_NOT_A                           00000005
ECCP1AS                           00000FB6
ECCP1CON                          00000FBD
ECCP1DEL                          00000FB7
ECCPAS0                           00000004
ECCPAS1                           00000005
ECCPAS2                           00000006
ECCPASE                           00000007
EEADR                             00000FA9
EECON1                            00000FA6
EECON2                            00000FA7
EEDATA                            00000FA8
EEIE                              00000004
EEIF                              00000004
EEIP                              00000004
EEPGD                             00000007
EsperaByte                        00000056
EsperaSIOTX                       00000050
MPASM 5.86             NEWPIC_8B_GENERAL.ASM   2-14-2023  16:48:38         PAGE  9


SYMBOL TABLE
  LABEL                             VALUE 

FAST                              00000001
FERR                              00000002
FLT0                              00000000
FLTS                              00000002
FREE                              00000004
FSR0                              00000000
FSR0H                             00000FEA
FSR0L                             00000FE9
FSR1                              00000001
FSR1H                             00000FE2
FSR1L                             00000FE1
FSR2                              00000002
FSR2H                             00000FDA
FSR2L                             00000FD9
GCEN                              00000007
GIE                               00000007
GIEH                              00000007
GIEL                              00000006
GIE_GIEH                          00000007
GO                                00000001
GO_DONE                           00000001
GO_NOT_DONE                       00000001
HLVDCON                           00000FD2
HLVDEN                            00000004
HLVDIE                            00000002
HLVDIF                            00000002
HLVDIN                            00000005
HLVDIP                            00000002
HLVDL0                            00000000
HLVDL1                            00000001
HLVDL2                            00000002
HLVDL3                            00000003
IBF                               00000007
IBOV                              00000005
IDLEN                             00000007
IGUAL                             00000074
INDF0                             00000FEF
INDF1                             00000FE7
INDF2                             00000FDF
INT0                              00000000
INT0E                             00000004
INT0F                             00000001
INT0IE                            00000004
INT0IF                            00000001
INT1                              00000001
INT1E                             00000003
INT1F                             00000000
INT1IE                            00000003
INT1IF                            00000000
INT1IP                            00000006
INT1P                             00000006
INT2                              00000002
INT2E                             00000004
MPASM 5.86             NEWPIC_8B_GENERAL.ASM   2-14-2023  16:48:38         PAGE 10


SYMBOL TABLE
  LABEL                             VALUE 

INT2F                             00000001
INT2IE                            00000004
INT2IF                            00000001
INT2IP                            00000007
INT2P                             00000007
INTCON                            00000FF2
INTCON2                           00000FF1
INTCON3                           00000FF0
INTEDG0                           00000006
INTEDG1                           00000005
INTEDG2                           00000004
INTSIO                            0000001A
INTSRC                            00000007
IOFS                              00000002
IPEN                              00000007
IPR1                              00000F9F
IPR2                              00000FA2
IRCF0                             00000004
IRCF1                             00000005
IRCF2                             00000006
IRVST                             00000005
KBI0                              00000004
KBI1                              00000005
KBI2                              00000006
KBI3                              00000007
LATA                              00000F89
LATA0                             00000000
LATA1                             00000001
LATA2                             00000002
LATA3                             00000003
LATA4                             00000004
LATA5                             00000005
LATA6                             00000006
LATA7                             00000007
LATB                              00000F8A
LATB0                             00000000
LATB1                             00000001
LATB2                             00000002
LATB3                             00000003
LATB4                             00000004
LATB5                             00000005
LATB6                             00000006
LATB7                             00000007
LATC                              00000F8B
LATC0                             00000000
LATC1                             00000001
LATC2                             00000002
LATC3                             00000003
LATC4                             00000004
LATC5                             00000005
LATC6                             00000006
LATC7                             00000007
LATD                              00000F8C
MPASM 5.86             NEWPIC_8B_GENERAL.ASM   2-14-2023  16:48:38         PAGE 11


SYMBOL TABLE
  LABEL                             VALUE 

LATD0                             00000000
LATD1                             00000001
LATD2                             00000002
LATD3                             00000003
LATD4                             00000004
LATD5                             00000005
LATD6                             00000006
LATD7                             00000007
LATE                              00000F8D
LATE0                             00000000
LATE1                             00000001
LATE2                             00000002
LOOP                              00000042
LVDCON                            00000FD2
LVDEN                             00000004
LVDIE                             00000002
LVDIF                             00000002
LVDIP                             00000002
LVDL0                             00000000
LVDL1                             00000001
LVDL2                             00000002
LVDL3                             00000003
LVV0                              00000000
LVV1                              00000001
LVV2                              00000002
LVV3                              00000003
LoQueRebo                         00000001
LoQueTransmeto                    00000000
MAIN                              00000034
MCLR                              00000003
N                                 00000004
NOT_A                             00000005
NOT_ADDRESS                       00000005
NOT_BOR                           00000000
NOT_CS                            00000002
NOT_DONE                          00000001
NOT_MCLR                          00000003
NOT_PD                            00000002
NOT_POR                           00000001
NOT_RBPU                          00000007
NOT_RD                            00000000
NOT_RI                            00000004
NOT_SS                            00000005
NOT_T1SYNC                        00000002
NOT_T3SYNC                        00000002
NOT_TO                            00000003
NOT_W                             00000002
NOT_WR                            00000001
NOT_WRITE                         00000002
OBF                               00000006
OERR                              00000001
OSC1                              00000007
OSC2                              00000006
MPASM 5.86             NEWPIC_8B_GENERAL.ASM   2-14-2023  16:48:38         PAGE 12


SYMBOL TABLE
  LABEL                             VALUE 

OSCCON                            00000FD3
OSCFIE                            00000007
OSCFIF                            00000007
OSCFIP                            00000007
OSCTUNE                           00000F9B
OSTS                              00000003
OV                                00000003
P                                 00000004
P1A                               00000002
P1B                               00000005
P1C                               00000006
P1D                               00000007
P1M0                              00000006
P1M1                              00000007
PC                                00000FF9
PCFG0                             00000000
PCFG1                             00000001
PCFG2                             00000002
PCFG3                             00000003
PCL                               00000FF9
PCLATH                            00000FFA
PCLATU                            00000FFB
PD                                00000002
PDC0                              00000000
PDC1                              00000001
PDC2                              00000002
PDC3                              00000003
PDC4                              00000004
PDC5                              00000005
PDC6                              00000006
PEIE                              00000006
PEIE_GIEL                         00000006
PEN                               00000002
PGC                               00000006
PGD                               00000007
PGM                               00000005
PIE1                              00000F9D
PIE2                              00000FA0
PIR1                              00000F9E
PIR2                              00000FA1
PLLEN                             00000006
PLUSW0                            00000FEB
PLUSW1                            00000FE3
PLUSW2                            00000FDB
POR                               00000001
PORTA                             00000F80
PORTB                             00000F81
PORTC                             00000F82
PORTD                             00000F83
PORTE                             00000F84
POSTDEC0                          00000FED
POSTDEC1                          00000FE5
POSTDEC2                          00000FDD
MPASM 5.86             NEWPIC_8B_GENERAL.ASM   2-14-2023  16:48:38         PAGE 13


SYMBOL TABLE
  LABEL                             VALUE 

POSTINC0                          00000FEE
POSTINC1                          00000FE6
POSTINC2                          00000FDE
PR2                               00000FCB
PREINC0                           00000FEC
PREINC1                           00000FE4
PREINC2                           00000FDC
PROD                              00000FF3
PRODH                             00000FF4
PRODL                             00000FF3
PRSEN                             00000007
PSA                               00000003
PSP0                              00000000
PSP1                              00000001
PSP2                              00000002
PSP3                              00000003
PSP4                              00000004
PSP5                              00000005
PSP6                              00000006
PSP7                              00000007
PSPIE                             00000007
PSPIF                             00000007
PSPIP                             00000007
PSPMODE                           00000004
PSSAC0                            00000002
PSSAC1                            00000003
PSSBD0                            00000000
PSSBD1                            00000001
PWM1CON                           00000FB7
R                                 00000002
RA0                               00000000
RA1                               00000001
RA2                               00000002
RA3                               00000003
RA4                               00000004
RA5                               00000005
RA6                               00000006
RA7                               00000007
RB0                               00000000
RB1                               00000001
RB2                               00000002
RB3                               00000003
RB4                               00000004
RB5                               00000005
RB6                               00000006
RB7                               00000007
RBIE                              00000003
RBIF                              00000000
RBIP                              00000000
RBPU                              00000007
RC0                               00000000
RC1                               00000001
RC2                               00000002
MPASM 5.86             NEWPIC_8B_GENERAL.ASM   2-14-2023  16:48:38         PAGE 14


SYMBOL TABLE
  LABEL                             VALUE 

RC3                               00000003
RC4                               00000004
RC5                               00000005
RC6                               00000006
RC7                               00000007
RCEN                              00000003
RCIDL                             00000006
RCIE                              00000005
RCIF                              00000005
RCIP                              00000005
RCMT                              00000006
RCON                              00000FD0
RCREG                             00000FAE
RCSTA                             00000FAB
RD                                00000000
RD0                               00000000
RD1                               00000001
RD16                              00000007
RD2                               00000002
RD3                               00000003
RD4                               00000004
RD5                               00000005
RD6                               00000006
RD7                               00000007
RE0                               00000000
RE1                               00000001
RE2                               00000002
RE3                               00000003
RI                                00000004
RSEN                              00000001
RX                                00000007
RX9                               00000006
RX9D                              00000000
RXDTP                             00000005
R_NOT_W                           00000002
R_W                               00000002
S                                 00000003
SBOREN                            00000006
SCK                               00000003
SCKP                              00000004
SCL                               00000003
SCS0                              00000000
SCS1                              00000001
SDA                               00000004
SDI                               00000004
SDO                               00000005
SEN                               00000000
SENDB                             00000003
SMP                               00000007
SP0                               00000000
SP1                               00000001
SP2                               00000002
SP3                               00000003
MPASM 5.86             NEWPIC_8B_GENERAL.ASM   2-14-2023  16:48:38         PAGE 15


SYMBOL TABLE
  LABEL                             VALUE 

SP4                               00000004
SPBRG                             00000FAF
SPBRGH                            00000FB0
SPEN                              00000007
SREN                              00000005
SSPADD                            00000FC8
SSPBUF                            00000FC9
SSPCON1                           00000FC6
SSPCON2                           00000FC5
SSPEN                             00000005
SSPIE                             00000003
SSPIF                             00000003
SSPIP                             00000003
SSPM0                             00000000
SSPM1                             00000001
SSPM2                             00000002
SSPM3                             00000003
SSPOV                             00000006
SSPSTAT                           00000FC7
STATUS                            00000FD8
STKFUL                            00000007
STKOVF                            00000007
STKPTR                            00000FFC
STKUNF                            00000006
SWDTE                             00000000
SWDTEN                            00000000
SYNC                              00000004
T016BIT                           00000006
T08BIT                            00000006
T0CKI                             00000004
T0CON                             00000FD5
T0CS                              00000005
T0IE                              00000005
T0IF                              00000002
T0PS0                             00000000
T0PS1                             00000001
T0PS2                             00000002
T0SE                              00000004
T13CKI                            00000000
T1CKI                             00000000
T1CKPS0                           00000004
T1CKPS1                           00000005
T1CON                             00000FCD
T1OSCEN                           00000003
T1OSI                             00000001
T1OSO                             00000000
T1RUN                             00000006
T1SYNC                            00000002
T2CKPS0                           00000000
T2CKPS1                           00000001
T2CON                             00000FCA
T2OUTPS0                          00000003
T2OUTPS1                          00000004
MPASM 5.86             NEWPIC_8B_GENERAL.ASM   2-14-2023  16:48:38         PAGE 16


SYMBOL TABLE
  LABEL                             VALUE 

T2OUTPS2                          00000005
T2OUTPS3                          00000006
T3CCP1                            00000003
T3CCP2                            00000006
T3CKPS0                           00000004
T3CKPS1                           00000005
T3CON                             00000FB1
T3SYNC                            00000002
TABLAT                            00000FF5
TBLPTR                            00000FF6
TBLPTRH                           00000FF7
TBLPTRL                           00000FF6
TBLPTRU                           00000FF8
TMR0                              00000FD6
TMR0H                             00000FD7
TMR0IE                            00000005
TMR0IF                            00000002
TMR0IP                            00000002
TMR0L                             00000FD6
TMR0ON                            00000007
TMR1                              00000FCE
TMR1CS                            00000001
TMR1H                             00000FCF
TMR1IE                            00000000
TMR1IF                            00000000
TMR1IP                            00000000
TMR1L                             00000FCE
TMR1ON                            00000000
TMR2                              00000FCC
TMR2IE                            00000001
TMR2IF                            00000001
TMR2IP                            00000001
TMR2ON                            00000002
TMR3                              00000FB2
TMR3CS                            00000001
TMR3H                             00000FB3
TMR3IE                            00000001
TMR3IF                            00000001
TMR3IP                            00000001
TMR3L                             00000FB2
TMR3ON                            00000000
TO                                00000003
TOS                               00000FFD
TOSH                              00000FFE
TOSL                              00000FFD
TOSU                              00000FFF
TOUTPS0                           00000003
TOUTPS1                           00000004
TOUTPS2                           00000005
TOUTPS3                           00000006
TRISA                             00000F92
TRISA0                            00000000
TRISA1                            00000001
MPASM 5.86             NEWPIC_8B_GENERAL.ASM   2-14-2023  16:48:38         PAGE 17


SYMBOL TABLE
  LABEL                             VALUE 

TRISA2                            00000002
TRISA3                            00000003
TRISA4                            00000004
TRISA5                            00000005
TRISA6                            00000006
TRISA7                            00000007
TRISB                             00000F93
TRISB0                            00000000
TRISB1                            00000001
TRISB2                            00000002
TRISB3                            00000003
TRISB4                            00000004
TRISB5                            00000005
TRISB6                            00000006
TRISB7                            00000007
TRISC                             00000F94
TRISC0                            00000000
TRISC1                            00000001
TRISC2                            00000002
TRISC3                            00000003
TRISC4                            00000004
TRISC5                            00000005
TRISC6                            00000006
TRISC7                            00000007
TRISD                             00000F95
TRISD0                            00000000
TRISD1                            00000001
TRISD2                            00000002
TRISD3                            00000003
TRISD4                            00000004
TRISD5                            00000005
TRISD6                            00000006
TRISD7                            00000007
TRISE                             00000F96
TRISE0                            00000000
TRISE1                            00000001
TRISE2                            00000002
TRMT                              00000001
TUN0                              00000000
TUN1                              00000001
TUN2                              00000002
TUN3                              00000003
TUN4                              00000004
TX                                00000006
TX9                               00000006
TX9D                              00000000
TXCKP                             00000004
TXEN                              00000005
TXIE                              00000004
TXIF                              00000004
TXIP                              00000004
TXREG                             00000FAD
TXSTA                             00000FAC
MPASM 5.86             NEWPIC_8B_GENERAL.ASM   2-14-2023  16:48:38         PAGE 18


SYMBOL TABLE
  LABEL                             VALUE 

UA                                00000001
VCFG0                             00000004
VCFG1                             00000005
VDIRMAG                           00000007
VPP                               00000003
VREFM                             00000002
VREFP                             00000003
W                                 00000000
WCOL                              00000007
WDTCON                            00000FD1
WR                                00000001
WREG                              00000FE8
WREN                              00000002
WRERR                             00000003
WUE                               00000001
Z                                 00000002
_BBSIZ_BB1K_4L                    000000FF
_BBSIZ_BB256_4L                   000000CF
_BBSIZ_BB512_4L                   000000DF
_BORV_0_2L                        000000E7
_BORV_1_2L                        000000EF
_BORV_2_2L                        000000F7
_BORV_3_2L                        000000FF
_BOR_NOSLP_2L                     000000FD
_BOR_OFF_2L                       000000F9
_BOR_ON_2L                        000000FF
_BOR_SOFT_2L                      000000FB
_CCP2MX_RB3_3H                    000000FE
_CCP2MX_RC1_3H                    000000FF
_CONFIG1H                         00300001
_CONFIG2H                         00300003
_CONFIG2L                         00300002
_CONFIG3H                         00300005
_CONFIG4L                         00300006
_CONFIG5H                         00300009
_CONFIG5L                         00300008
_CONFIG6H                         0030000B
_CONFIG6L                         0030000A
_CONFIG7H                         0030000D
_CONFIG7L                         0030000C
_CP0_OFF_5L                       000000FF
_CP0_ON_5L                        000000FE
_CP1_OFF_5L                       000000FF
_CP1_ON_5L                        000000FD
_CPB_OFF_5H                       000000FF
_CPB_ON_5H                        000000BF
_CPD_OFF_5H                       000000FF
_CPD_ON_5H                        0000007F
_DEBUG_OFF_4L                     000000FF
_DEBUG_ON_4L                      0000007F
_DEVID1                           003FFFFE
_DEVID2                           003FFFFF
_EBTR0_OFF_7L                     000000FF
MPASM 5.86             NEWPIC_8B_GENERAL.ASM   2-14-2023  16:48:38         PAGE 19


SYMBOL TABLE
  LABEL                             VALUE 

_EBTR0_ON_7L                      000000FE
_EBTR1_OFF_7L                     000000FF
_EBTR1_ON_7L                      000000FD
_EBTRB_OFF_7H                     000000FF
_EBTRB_ON_7H                      000000BF
_FCMEN_OFF_1H                     000000BF
_FCMEN_ON_1H                      000000FF
_IDLOC0                           00200000
_IDLOC1                           00200001
_IDLOC2                           00200002
_IDLOC3                           00200003
_IDLOC4                           00200004
_IDLOC5                           00200005
_IDLOC6                           00200006
_IDLOC7                           00200007
_IESO_OFF_1H                      0000007F
_IESO_ON_1H                       000000FF
_LPT1OSC_OFF_3H                   000000FB
_LPT1OSC_ON_3H                    000000FF
_LVP_OFF_4L                       000000FB
_LVP_ON_4L                        000000FF
_MCLRE_OFF_3H                     0000007F
_MCLRE_ON_3H                      000000FF
_OSC_ECIO_1H                      000000F5
_OSC_EC_1H                        000000F4
_OSC_HSPLL_1H                     000000F6
_OSC_HS_1H                        000000F2
_OSC_INTIO1_1H                    000000F9
_OSC_INTIO2_1H                    000000F8
_OSC_LP_1H                        000000F0
_OSC_RCIO_1H                      000000F7
_OSC_RC_1H                        000000F3
_OSC_XT_1H                        000000F1
_PBADEN_ANA_3H                    000000FF
_PBADEN_DIG_3H                    000000FD
_PWRT_OFF_2L                      000000FF
_PWRT_ON_2L                       000000FE
_STVREN_OFF_4L                    000000FE
_STVREN_ON_4L                     000000FF
_WDTPS_1024_2H                    000000F5
_WDTPS_128_2H                     000000EF
_WDTPS_16384_2H                   000000FD
_WDTPS_16_2H                      000000E9
_WDTPS_1_2H                       000000E1
_WDTPS_2048_2H                    000000F7
_WDTPS_256_2H                     000000F1
_WDTPS_2_2H                       000000E3
_WDTPS_32768_2H                   000000FF
_WDTPS_32_2H                      000000EB
_WDTPS_4096_2H                    000000F9
_WDTPS_4_2H                       000000E5
_WDTPS_512_2H                     000000F3
_WDTPS_64_2H                      000000ED
MPASM 5.86             NEWPIC_8B_GENERAL.ASM   2-14-2023  16:48:38         PAGE 20


SYMBOL TABLE
  LABEL                             VALUE 

_WDTPS_8192_2H                    000000FB
_WDTPS_8_2H                       000000E7
_WDT_OFF_2H                       000000FE
_WDT_ON_2H                        000000FF
_WRT0_OFF_6L                      000000FF
_WRT0_ON_6L                       000000FE
_WRT1_OFF_6L                      000000FF
_WRT1_ON_6L                       000000FD
_WRTB_OFF_6H                      000000FF
_WRTB_ON_6H                       000000BF
_WRTC_OFF_6H                      000000FF
_WRTC_ON_6H                       000000DF
_WRTD_OFF_6H                      000000FF
_WRTD_ON_6H                       0000007F
_XINST_OFF_4L                     000000BF
_XINST_ON_4L                      000000FF
__18F4321                         00000001

Errors   :     0
Warnings :    21 reported,     0 suppressed
Messages :     0 reported,     0 suppressed

