Warning[205] C:\USERS\ANGEL\ONEDRIVE\ESCRITORIO\COMPUS\S2\REPO_F1\LAB7.X\NEWPIC_8B_GENERAL.ASM 56 : Found directive in column 1. (LIST)
Warning[215] C:\USERS\ANGEL\ONEDRIVE\ESCRITORIO\COMPUS\S2\REPO_F1\LAB7.X\NEWPIC_8B_GENERAL.ASM 56 : Processor superseded by command line.  Verify processor symbol.
Warning[207] C:\USERS\ANGEL\ONEDRIVE\ESCRITORIO\COMPUS\S2\REPO_F1\LAB7.X\NEWPIC_8B_GENERAL.ASM 70 : Found label after column 1. (LoQueTransmeto)
Warning[207] C:\USERS\ANGEL\ONEDRIVE\ESCRITORIO\COMPUS\S2\REPO_F1\LAB7.X\NEWPIC_8B_GENERAL.ASM 72 : Found label after column 1. (LoQueRebo)
Warning[207] C:\USERS\ANGEL\ONEDRIVE\ESCRITORIO\COMPUS\S2\REPO_F1\LAB7.X\NEWPIC_8B_GENERAL.ASM 92 : Found label after column 1. (INTSIO)
Warning[203] C:\USERS\ANGEL\ONEDRIVE\ESCRITORIO\COMPUS\S2\REPO_F1\LAB7.X\NEWPIC_8B_GENERAL.ASM 94 : Found opcode in column 1. (BSF)
Warning[203] C:\USERS\ANGEL\ONEDRIVE\ESCRITORIO\COMPUS\S2\REPO_F1\LAB7.X\NEWPIC_8B_GENERAL.ASM 96 : Found opcode in column 1. (BSF)
Warning[203] C:\USERS\ANGEL\ONEDRIVE\ESCRITORIO\COMPUS\S2\REPO_F1\LAB7.X\NEWPIC_8B_GENERAL.ASM 98 : Found opcode in column 1. (MOVLW)
Warning[203] C:\USERS\ANGEL\ONEDRIVE\ESCRITORIO\COMPUS\S2\REPO_F1\LAB7.X\NEWPIC_8B_GENERAL.ASM 100 : Found opcode in column 1. (MOVWF)
Warning[203] C:\USERS\ANGEL\ONEDRIVE\ESCRITORIO\COMPUS\S2\REPO_F1\LAB7.X\NEWPIC_8B_GENERAL.ASM 102 : Found opcode in column 1. (MOVLW)
Warning[203] C:\USERS\ANGEL\ONEDRIVE\ESCRITORIO\COMPUS\S2\REPO_F1\LAB7.X\NEWPIC_8B_GENERAL.ASM 104 : Found opcode in column 1. (MOVWF)
Warning[203] C:\USERS\ANGEL\ONEDRIVE\ESCRITORIO\COMPUS\S2\REPO_F1\LAB7.X\NEWPIC_8B_GENERAL.ASM 106 : Found opcode in column 1. (MOVLW)
Warning[203] C:\USERS\ANGEL\ONEDRIVE\ESCRITORIO\COMPUS\S2\REPO_F1\LAB7.X\NEWPIC_8B_GENERAL.ASM 108 : Found opcode in column 1. (MOVWF)
Warning[203] C:\USERS\ANGEL\ONEDRIVE\ESCRITORIO\COMPUS\S2\REPO_F1\LAB7.X\NEWPIC_8B_GENERAL.ASM 110 : Found opcode in column 1. (MOVLW)
Warning[203] C:\USERS\ANGEL\ONEDRIVE\ESCRITORIO\COMPUS\S2\REPO_F1\LAB7.X\NEWPIC_8B_GENERAL.ASM 112 : Found opcode in column 1. (MOVWF)
Warning[203] C:\USERS\ANGEL\ONEDRIVE\ESCRITORIO\COMPUS\S2\REPO_F1\LAB7.X\NEWPIC_8B_GENERAL.ASM 114 : Found opcode in column 1. (movlw)
Warning[203] C:\USERS\ANGEL\ONEDRIVE\ESCRITORIO\COMPUS\S2\REPO_F1\LAB7.X\NEWPIC_8B_GENERAL.ASM 116 : Found opcode in column 1. (MOVWF)
Warning[203] C:\USERS\ANGEL\ONEDRIVE\ESCRITORIO\COMPUS\S2\REPO_F1\LAB7.X\NEWPIC_8B_GENERAL.ASM 170 : Found opcode in column 1. (RETURN)
Warning[203] C:\USERS\ANGEL\ONEDRIVE\ESCRITORIO\COMPUS\S2\REPO_F1\LAB7.X\NEWPIC_8B_GENERAL.ASM 181 : Found opcode in column 1. (RETURN)
Warning[203] C:\USERS\ANGEL\ONEDRIVE\ESCRITORIO\COMPUS\S2\REPO_F1\LAB7.X\NEWPIC_8B_GENERAL.ASM 189 : Found opcode in column 1. (RETURN)
Warning[205] C:\USERS\ANGEL\ONEDRIVE\ESCRITORIO\COMPUS\S2\REPO_F1\LAB7.X\NEWPIC_8B_GENERAL.ASM 191 : Found directive in column 1. (END)
