Warning[205] C:\USERS\ANGEL\ONEDRIVE\ESCRITORIO\COMPUS\S2\REPO_F1\LSSHIP.X\NEWPIC_8B_GENERAL.ASM 1 : Found directive in column 1. (LIST)
Warning[215] C:\USERS\ANGEL\ONEDRIVE\ESCRITORIO\COMPUS\S2\REPO_F1\LSSHIP.X\NEWPIC_8B_GENERAL.ASM 1 : Processor superseded by command line.  Verify processor symbol.
Warning[205] C:\USERS\ANGEL\ONEDRIVE\ESCRITORIO\COMPUS\S2\REPO_F1\LSSHIP.X\NEWPIC_8B_GENERAL.ASM 4 : Found directive in column 1. (CONFIG)
Warning[205] C:\USERS\ANGEL\ONEDRIVE\ESCRITORIO\COMPUS\S2\REPO_F1\LSSHIP.X\NEWPIC_8B_GENERAL.ASM 5 : Found directive in column 1. (CONFIG)
Warning[205] C:\USERS\ANGEL\ONEDRIVE\ESCRITORIO\COMPUS\S2\REPO_F1\LSSHIP.X\NEWPIC_8B_GENERAL.ASM 6 : Found directive in column 1. (CONFIG)
Warning[205] C:\USERS\ANGEL\ONEDRIVE\ESCRITORIO\COMPUS\S2\REPO_F1\LSSHIP.X\NEWPIC_8B_GENERAL.ASM 48 : Found directive in column 1. (ORG)
Warning[203] C:\USERS\ANGEL\ONEDRIVE\ESCRITORIO\COMPUS\S2\REPO_F1\LSSHIP.X\NEWPIC_8B_GENERAL.ASM 49 : Found opcode in column 1. (GOTO)
Warning[205] C:\USERS\ANGEL\ONEDRIVE\ESCRITORIO\COMPUS\S2\REPO_F1\LSSHIP.X\NEWPIC_8B_GENERAL.ASM 50 : Found directive in column 1. (ORG)
Warning[203] C:\USERS\ANGEL\ONEDRIVE\ESCRITORIO\COMPUS\S2\REPO_F1\LSSHIP.X\NEWPIC_8B_GENERAL.ASM 51 : Found opcode in column 1. (GOTO)
Warning[205] C:\USERS\ANGEL\ONEDRIVE\ESCRITORIO\COMPUS\S2\REPO_F1\LSSHIP.X\NEWPIC_8B_GENERAL.ASM 52 : Found directive in column 1. (ORG)
Warning[203] C:\USERS\ANGEL\ONEDRIVE\ESCRITORIO\COMPUS\S2\REPO_F1\LSSHIP.X\NEWPIC_8B_GENERAL.ASM 53 : Found opcode in column 1. (RETFIE)
Warning[203] C:\USERS\ANGEL\ONEDRIVE\ESCRITORIO\COMPUS\S2\REPO_F1\LSSHIP.X\NEWPIC_8B_GENERAL.ASM 112 : Found opcode in column 1. (MOVLW)
Warning[203] C:\USERS\ANGEL\ONEDRIVE\ESCRITORIO\COMPUS\S2\REPO_F1\LSSHIP.X\NEWPIC_8B_GENERAL.ASM 113 : Found opcode in column 1. (MOVWF)
Warning[203] C:\USERS\ANGEL\ONEDRIVE\ESCRITORIO\COMPUS\S2\REPO_F1\LSSHIP.X\NEWPIC_8B_GENERAL.ASM 114 : Found opcode in column 1. (BSF)
Warning[203] C:\USERS\ANGEL\ONEDRIVE\ESCRITORIO\COMPUS\S2\REPO_F1\LSSHIP.X\NEWPIC_8B_GENERAL.ASM 115 : Found opcode in column 1. (CALL)
Warning[207] C:\USERS\ANGEL\ONEDRIVE\ESCRITORIO\COMPUS\S2\REPO_F1\LSSHIP.X\NEWPIC_8B_GENERAL.ASM 184 : Found label after column 1. (ESPERA_FI_P0)
Warning[207] C:\USERS\ANGEL\ONEDRIVE\ESCRITORIO\COMPUS\S2\REPO_F1\LSSHIP.X\NEWPIC_8B_GENERAL.ASM 209 : Found label after column 1. (ESPERA_FI_P1)
Warning[203] C:\USERS\ANGEL\ONEDRIVE\ESCRITORIO\COMPUS\S2\REPO_F1\LSSHIP.X\NEWPIC_8B_GENERAL.ASM 299 : Found opcode in column 1. (BTFSS)
Warning[203] C:\USERS\ANGEL\ONEDRIVE\ESCRITORIO\COMPUS\S2\REPO_F1\LSSHIP.X\NEWPIC_8B_GENERAL.ASM 300 : Found opcode in column 1. (CALL)
Warning[203] C:\USERS\ANGEL\ONEDRIVE\ESCRITORIO\COMPUS\S2\REPO_F1\LSSHIP.X\NEWPIC_8B_GENERAL.ASM 302 : Found opcode in column 1. (BTFSS)
Warning[203] C:\USERS\ANGEL\ONEDRIVE\ESCRITORIO\COMPUS\S2\REPO_F1\LSSHIP.X\NEWPIC_8B_GENERAL.ASM 303 : Found opcode in column 1. (CALL)
Warning[203] C:\USERS\ANGEL\ONEDRIVE\ESCRITORIO\COMPUS\S2\REPO_F1\LSSHIP.X\NEWPIC_8B_GENERAL.ASM 305 : Found opcode in column 1. (BTFSS)
Warning[203] C:\USERS\ANGEL\ONEDRIVE\ESCRITORIO\COMPUS\S2\REPO_F1\LSSHIP.X\NEWPIC_8B_GENERAL.ASM 306 : Found opcode in column 1. (GOTO)
Warning[203] C:\USERS\ANGEL\ONEDRIVE\ESCRITORIO\COMPUS\S2\REPO_F1\LSSHIP.X\NEWPIC_8B_GENERAL.ASM 309 : Found opcode in column 1. (BSF)
Warning[203] C:\USERS\ANGEL\ONEDRIVE\ESCRITORIO\COMPUS\S2\REPO_F1\LSSHIP.X\NEWPIC_8B_GENERAL.ASM 328 : Found opcode in column 1. (MOVLW)
Warning[203] C:\USERS\ANGEL\ONEDRIVE\ESCRITORIO\COMPUS\S2\REPO_F1\LSSHIP.X\NEWPIC_8B_GENERAL.ASM 329 : Found opcode in column 1. (SUBWF)
Warning[203] C:\USERS\ANGEL\ONEDRIVE\ESCRITORIO\COMPUS\S2\REPO_F1\LSSHIP.X\NEWPIC_8B_GENERAL.ASM 330 : Found opcode in column 1. (BTFSC)
Warning[203] C:\USERS\ANGEL\ONEDRIVE\ESCRITORIO\COMPUS\S2\REPO_F1\LSSHIP.X\NEWPIC_8B_GENERAL.ASM 331 : Found opcode in column 1. (GOTO)
Warning[203] C:\USERS\ANGEL\ONEDRIVE\ESCRITORIO\COMPUS\S2\REPO_F1\LSSHIP.X\NEWPIC_8B_GENERAL.ASM 332 : Found opcode in column 1. (GOTO)
Warning[207] C:\USERS\ANGEL\ONEDRIVE\ESCRITORIO\COMPUS\S2\REPO_F1\LSSHIP.X\NEWPIC_8B_GENERAL.ASM 490 : Found label after column 1. (T_REBOTS)
Warning[205] C:\USERS\ANGEL\ONEDRIVE\ESCRITORIO\COMPUS\S2\REPO_F1\LSSHIP.X\NEWPIC_8B_GENERAL.ASM 501 : Found directive in column 1. (END)
