MPASM 5.86             NEWPIC_8B_GENERAL.ASM   2-20-2023  20:03:48         PAGE  1


LOC  OBJECT CODE     LINE SOURCE TEXT
  VALUE

Warning[205]: Found directive in column 1. (LIST)
Warning[215]: Processor superseded by command line.  Verify processor symbol.
                      00001 LIST P=PIC18F4321 F=INHX32
                      00002 #include <p18f4321.inc>
                      00001         LIST
                      00002 
                      00003 ;==========================================================================
                      00004 ; Build date : Oct 24 2019
                      00005 ;  MPASM PIC18F4321 processor include
                      00006 ; 
                      00007 ;  (c) Copyright 1999-2019 Microchip Technology, All rights reserved
                      00008 ;==========================================================================
                      00009 
                      01455         LIST
                      00003     
Warning[205]: Found directive in column 1. (CONFIG)
                      00004 CONFIG OSC=INTIO2
Warning[205]: Found directive in column 1. (CONFIG)
                      00005 CONFIG PBADEN=DIG
Warning[205]: Found directive in column 1. (CONFIG)
                      00006 CONFIG WDT=OFF
                      00007 
                      00008 ;--------------------------------------
                      00009 ; DEFINIM VARIABLES
                      00010 ;--------------------------------------
                      00011 ; Constants per guardar el valor de velocitat en 7Segments
  00000000            00012 CONST_7SEG_HIGH  EQU  0x00
  00000001            00013 CONST_7SEG_MID   EQU  0x01
  00000002            00014 CONST_7SEG_LOW   EQU  0x02
  00000003            00015 CONST_7SEG_0     EQU  0x03
                      00016 ; Flag per saber si la velocitat és negativa (=1) o positiva (=0)
  00000004            00017 IS_NEGATIVE      EQU  0x04
                      00018 ; Flag per saber si estem a mode manual (=1) o creuer (=0)
  00000005            00019 MANUAL_MODE      EQU  0x05
                      00020 ; Codi vel: 1 --> High Negative
                      00021            ;2 --> Mid Negative
                      00022            ;3 --> Low Negative
                      00023            ;4 --> 0
                      00024            ;5 --> Low Positive
                      00025            ;6 --> Mid Positive
                      00026            ;7 --> High Positive 
  00000006            00027 VEL_ACTUAL       EQU  0x06
                      00028 ; Comptador per filtrar rebots
  00000007            00029 ContInstL        EQU  0x07
  00000008            00030 ContInstH        EQU  0x08 
                      00031 ; Comptador per comptar 1 minut (per inactivitat)
  00000009            00032 TicsMinH         EQU  0x09
  00000010            00033 TicsMinL         EQU  0x10
                      00034 ; Flag per saber si l'alarma està activa (=1) o no (=0)
  00000011            00035 ALARM_EN         EQU  0x11
                      00036 ; Comptador per comptar mig segon (pampallugues de l'alarma)
  00000012            00037 TicsAlarmL       EQU  0x12
  00000013            00038 TicsAlarmH       EQU  0x13
MPASM 5.86             NEWPIC_8B_GENERAL.ASM   2-20-2023  20:03:48         PAGE  2


LOC  OBJECT CODE     LINE SOURCE TEXT
  VALUE

                      00039 ; Flag per habilitar el comptatge de temps del polsador RecordMode 
                      00040 ; de 1 segon (=1) o deshabilitar-lo (=0)
  00000014            00041 AUTOP_EN         EQU  0x14
                      00042 ; Comptador per comptar 1 segon (pel polsador recording)
  00000015            00043 TicsSegL         EQU  0x15
  00000016            00044 TicsSegH         EQU  0x16
                      00045 ; Flag per saber si estem en mode recording (=1) o no ho estem (=0)
  00000017            00046 RECORD_MODE      EQU  0x17
                      00047 ; Comptador per comptar periodes de PWM del servo (20ms)
  00000018            00048 Tics20           EQU  0x18
                      00049 ; Codi dir: 1 --> Max Left
                      00050            ;2 --> High Left
                      00051            ;3 --> Mid Left
                      00052            ;4 --> Low Left
                      00053            ;5 --> Straight
                      00054            ;6 --> Low Right
                      00055            ;7 --> Mid Right 
                      00056            ;8 --> High Right
                      00057            ;9 --> Max Right
  00000019            00058 DIR_ACTUAL       EQU  0x19
                      00059 ; Flag per saber si la direccio és esquerra (=1) o dreta (=0)
  00000020            00060 IS_LEFT          EQU  0x20
                      00061 ; Comptador per comptar el THigh del PWM del servo
  00000021            00062 ContTHigh        EQU  0x21
  00000022            00063 ContPWM          EQU  0x22
  00000023            00064 PWM              EQU  0x23
                      00065 
Warning[205]: Found directive in column 1. (ORG)
                      00066 ORG 0x0000
Warning[203]: Found opcode in column 1. (GOTO)
000000 EF?? F???      00067 GOTO MAIN
Warning[205]: Found directive in column 1. (ORG)
                      00068 ORG 0x0008
Warning[203]: Found opcode in column 1. (GOTO)
000008 EF?? F???      00069 GOTO HIGH_RSI
Warning[205]: Found directive in column 1. (ORG)
                      00070 ORG 0x0018
Warning[203]: Found opcode in column 1. (RETFIE)
000018 0011           00071 RETFIE FAST
                      00072 
                      00073 ;--------------------------------------
                      00074 ; FUNCIONS PEL TIMER
                      00075 ;--------------------------------------
                      00076 ; Recarrega el valor del timer per una interrupció cada 1ms
00001A                00077 LOAD_TMR
00001A 0EF0           00078   MOVLW HIGH(.61536)
00001C 6ED7           00079   MOVWF TMR0H,0
00001E 0E60           00080   MOVLW LOW(.61536)
000020 6ED6           00081   MOVWF TMR0L,0  
000022 0012           00082   RETURN
                      00083 
                      00084 ; Reseteja el comptador de 1min   
000024                00085 RESET_TICS_MIN
MPASM 5.86             NEWPIC_8B_GENERAL.ASM   2-20-2023  20:03:48         PAGE  3


LOC  OBJECT CODE     LINE SOURCE TEXT
  VALUE

000024 6A11           00086   CLRF ALARM_EN
000026 6A09           00087   CLRF TicsMinH
000028 6A10           00088   CLRF TicsMinL
00002A 0012           00089   RETURN
                      00090 
                      00091 ; Reseteja el comptador de 1seg   
00002C                00092 RESET_TICS_SEG
00002C 2A14           00093   INCF AUTOP_EN,1
00002E 6A16           00094   CLRF TicsSegH
000030 6A15           00095   CLRF TicsSegL
000032 0012           00096   RETURN
                      00097   
                      00098 ; Reseteja el comptador de 0,5seg   
000034                00099 RESET_TICS_ALARM
000034 6A13           00100   CLRF TicsAlarmH
000036 6A12           00101   CLRF TicsAlarmL
000038 0012           00102   RETURN
                      00103 
                      00104 ; Gestiona totes les interrupcions (nomes tenim de timer)
00003A                00105 HIGH_RSI
00003A A4F2           00106   BTFSS INTCON,TMR0IF,0
00003C 0011           00107   RETFIE FAST
00003E 94F2           00108   BCF INTCON,TMR0IF,0
000040 EC?? F???      00109   CALL LOAD_TMR
000044 EC?? F???      00110   CALL CHECK_20ms
000048 B014           00111   BTFSC AUTOP_EN,0
00004A EC?? F???      00112   CALL CHECK_TICS_SEG
00004E A011           00113   BTFSS ALARM_EN,0
000050 EF?? F???      00114   GOTO CHECK_TICS_MIN
000054 EF?? F???      00115   GOTO MINUTE_PASSED
                      00116 
                      00117 ; Comprova si ha passat 20ms (1 periode de PWM del servo)
000058                00118 CHECK_20ms
000058 2A18           00119   INCF Tics20,1
00005A 0E14           00120   MOVLW .20
00005C 5C18           00121   SUBWF Tics20,0
00005E B4D8           00122   BTFSC STATUS,Z,0
000060 EC?? F???      00123   CALL NEW_SERVO_PWM
000064 0012           00124   RETURN
                      00125   
                      00126 ; Posa el temps a 1 que marca la direccio actual 
000066                00127 NEW_SERVO_PWM
000066 C019 F021      00128   MOVFF DIR_ACTUAL,ContTHigh
                      00129   ;MOVLW .1
                      00130   ;MOVWF ContTHigh
                      00131   ;BSF LATA,PWM,0
                      00132   ;T_PASSOS
                      00133     ;CALL COUNT_PAS_SERVO
                      00134    ; DECF ContTHigh,1
                      00135    ; BTFSS STATUS,Z,0
                      00136    ; GOTO T_PASSOS
                      00137   ;BCF LATA,PWM,0
00006A 6A18           00138   CLRF Tics20
MPASM 5.86             NEWPIC_8B_GENERAL.ASM   2-20-2023  20:03:48         PAGE  4


LOC  OBJECT CODE     LINE SOURCE TEXT
  VALUE

00006C 0012           00139   RETURN
                      00140   
                      00141 ; Comprova si ha passat 1 minut d'inactivitat (60000ms = 1min)
00006E                00142 CHECK_TICS_MIN
00006E 2A10           00143   INCF TicsMinL,1
000070 B0D8           00144   BTFSC STATUS,C,0
000072 2A09           00145   INCF TicsMinH,1
000074 0EEA           00146   MOVLW HIGH(.60000)
000076 5C09           00147   SUBWF TicsMinH,0
000078 A4D8           00148   BTFSS STATUS,Z,0
00007A 0011           00149   RETFIE FAST
00007C 0E60           00150   MOVLW LOW(.60000)
00007E 5C10           00151   SUBWF TicsMinL,0
000080 A4D8           00152   BTFSS STATUS,Z,0
000082 0011           00153   RETFIE FAST
                      00154 ; Aqui ha passat 1min
Warning[203]: Found opcode in column 1. (MOVLW)
000084 0E01           00155 MOVLW .1
Warning[203]: Found opcode in column 1. (MOVWF)
000086 6E11           00156 MOVWF ALARM_EN
Warning[203]: Found opcode in column 1. (BSF)
000088 8689           00157 BSF LATA,3,0
Warning[203]: Found opcode in column 1. (CALL)
00008A EC?? F???      00158 CALL RESET_TICS_ALARM
                      00159 
                      00160 ; Activa l'alarma fent pampallugues canviant cada 0,5seg el led (500ms = 0,5seg)
00008E                00161 MINUTE_PASSED
00008E 2A12           00162   INCF TicsAlarmL,1
000090 B0D8           00163   BTFSC STATUS,C,0
000092 2A13           00164   INCF TicsAlarmH,1
000094 0E01           00165   MOVLW HIGH(.500)
000096 5C13           00166   SUBWF TicsAlarmH,0
000098 A4D8           00167   BTFSS STATUS,Z,0
00009A 0011           00168   RETFIE FAST
00009C 0EF4           00169   MOVLW LOW(.500)
00009E 5C12           00170   SUBWF TicsAlarmL,0
0000A0 A4D8           00171   BTFSS STATUS,Z,0
0000A2 0011           00172   RETFIE FAST
0000A4 7689           00173   BTG LATA,3,0
0000A6 EC?? F???      00174   CALL RESET_TICS_ALARM
0000AA 0011           00175   RETFIE FAST
                      00176 
                      00177 ; Comprova si el polsador Record ha passat 1 segon polsat
0000AC                00178 CHECK_TICS_SEG
0000AC 2A15           00179   INCF TicsSegL,1
0000AE B0D8           00180   BTFSC STATUS,C,0
0000B0 2A16           00181   INCF TicsSegH,1
0000B2 0E03           00182   MOVLW HIGH(.1000)
0000B4 5C16           00183   SUBWF TicsSegH,0
0000B6 A4D8           00184   BTFSS STATUS,Z,0
0000B8 0012           00185   RETURN
0000BA 0EE8           00186   MOVLW LOW(.1000)
0000BC 5C15           00187   SUBWF TicsSegL,0
MPASM 5.86             NEWPIC_8B_GENERAL.ASM   2-20-2023  20:03:48         PAGE  5


LOC  OBJECT CODE     LINE SOURCE TEXT
  VALUE

0000BE A4D8           00188   BTFSS STATUS,Z,0
0000C0 0012           00189   RETURN
                      00190   ; Ha passat 1 segon per tant canviem al mode pilot automatic
0000C2 A005           00191   BTFSS MANUAL_MODE,0
0000C4 0012           00192   RETURN
0000C6 6A17           00193   CLRF RECORD_MODE
0000C8 7889           00194   BTG LATA,4,0 ;TODO: DEBUGGING
0000CA 0012           00195   RETURN
                      00196     
                      00197 ;--------------------------------------
                      00198 ; FUNCIONS PELS POLSADORS (per polling)
                      00199 ;--------------------------------------
                      00200 ; Actualitza el led de velocitat negativa
0000CC                00201 UPDATE_SPEED
0000CC 0E04           00202   MOVLW .4
0000CE 5C06           00203   SUBWF VEL_ACTUAL,0
0000D0 A8D8           00204   BTFSS STATUS,N,0
0000D2 9689           00205   BCF LATA,3,0
0000D4 B8D8           00206   BTFSC STATUS,N,0
0000D6 8689           00207   BSF LATA,3,0
0000D8 0012           00208   RETURN
                      00209 
                      00210 ; Canvia el mode a manual
0000DA                00211 CHANGE_TO_MANUAL
0000DA 6805           00212   SETF MANUAL_MODE
0000DC EF?? F???      00213   GOTO ESPERA_FI_P0
                      00214 
                      00215 ; Canvia el mode a creuer
0000E0                00216 CHANGE_TO_CRUISE
0000E0 6A05           00217   CLRF MANUAL_MODE
0000E2 EF?? F???      00218   GOTO ESPERA_FI_P0  
                      00219 
                      00220 ; Canvia el mode del polsador manual pel corresponent (filtrant rebots)
0000E6                00221 CHANGE_MANUAL_MODE
0000E6 EC?? F???      00222   CALL COUNT_20ms
0000EA EC?? F???      00223   CALL RESET_TICS_MIN
0000EE A005           00224   BTFSS MANUAL_MODE,0
0000F0 EF?? F???      00225   GOTO CHANGE_TO_MANUAL
0000F4 EF?? F???      00226   GOTO CHANGE_TO_CRUISE
Warning[207]: Found label after column 1. (ESPERA_FI_P0)
0000F8                00227   ESPERA_FI_P0
0000F8 A081           00228     BTFSS PORTB,0,0
0000FA EF?? F???      00229     GOTO ESPERA_FI_P0
0000FE EC?? F???      00230   CALL COUNT_20ms
000102 EC?? F???      00231   CALL UPDATE_SPEED
000106 0012           00232   RETURN
                      00233 
                      00234 ; Canvia el mode a gravacio
000108                00235 CHANGE_TO_RECORD
000108 6817           00236   SETF RECORD_MODE
00010A EF?? F???      00237   GOTO ESPERA_FI_P1
                      00238 
                      00239 ; Canvia el mode a no gravacio
MPASM 5.86             NEWPIC_8B_GENERAL.ASM   2-20-2023  20:03:48         PAGE  6


LOC  OBJECT CODE     LINE SOURCE TEXT
  VALUE

00010E                00240 CHANGE_TO_NO_RECORD
00010E 6A17           00241   CLRF RECORD_MODE
000110 EF?? F???      00242   GOTO ESPERA_FI_P1
                      00243   
                      00244 ; Activa i desactiva el mode de gravacio i pilot automatic (filtrant rebots)
000114                00245 CHANGE_RECORDING_MODE
000114 EC?? F???      00246   CALL COUNT_20ms
000118 EC?? F???      00247   CALL RESET_TICS_MIN
00011C EC?? F???      00248   CALL RESET_TICS_SEG
000120 A017           00249   BTFSS RECORD_MODE,0
000122 EF?? F???      00250   GOTO CHANGE_TO_RECORD
000126 EF?? F???      00251   GOTO CHANGE_TO_NO_RECORD
Warning[207]: Found label after column 1. (ESPERA_FI_P1)
00012A                00252   ESPERA_FI_P1
00012A A281           00253     BTFSS PORTB,1,0
00012C EF?? F???      00254     GOTO ESPERA_FI_P1
000130 EC?? F???      00255   CALL COUNT_20ms
000134 6A14           00256   CLRF AUTOP_EN
000136 EC?? F???      00257   CALL UPDATE_SPEED
00013A 0012           00258   RETURN
                      00259  
                      00260 ;--------------------------------------
                      00261 ; FUNCIONS DE CONFIGURACIONS INICIALS
                      00262 ;--------------------------------------
                      00263 ; Config OSC per tenir F=16MHz
00013C                00264 INIT_OSC
00013C 0E60           00265   MOVLW b'01100000'
00013E 6ED3           00266   MOVWF OSCCON,0
000140 8C9B           00267   BSF OSCTUNE,PLLEN,0
000142 0012           00268   RETURN
                      00269 
                      00270 ; Inicialitza ports a utilitzar
000144                00271 INIT_PORTS
000144 6A95           00272   CLRF TRISD,0
000146 8092           00273   BSF TRISA,0,0
000148 8292           00274   BSF TRISA,1,0
00014A 9492           00275   BCF TRISA,2,0
00014C 8093           00276   BSF TRISB,0,0
00014E 8293           00277   BSF TRISB,1,0
000150 9692           00278   BCF TRISA,3,0
000152 9EF1           00279   BCF INTCON2,RBPU,0
000154 9892           00280   BCF TRISA,4,0 ;TODO: DEBUGGING
000156 0012           00281   RETURN
                      00282 
                      00283 ; Inicialitza variables a utilitzar
000158                00284 INIT_VARS
000158 0E37           00285   MOVLW b'00110111'
00015A 6E00           00286   MOVWF CONST_7SEG_HIGH
00015C 0E75           00287   MOVLW b'01110101'
00015E 6E01           00288   MOVWF CONST_7SEG_MID
000160 0E0D           00289   MOVLW b'00001101'
000162 6E02           00290   MOVWF CONST_7SEG_LOW
000164 0E7D           00291   MOVLW b'01111101'
MPASM 5.86             NEWPIC_8B_GENERAL.ASM   2-20-2023  20:03:48         PAGE  7


LOC  OBJECT CODE     LINE SOURCE TEXT
  VALUE

000166 6E03           00292   MOVWF CONST_7SEG_0
000168 6805           00293   SETF MANUAL_MODE
00016A 9689           00294   BCF LATA,3,0
00016C EC?? F???      00295   CALL RESET_TICS_MIN
000170 0E04           00296   MOVLW .4
000172 6E06           00297   MOVWF VEL_ACTUAL
000174 0E05           00298   MOVLW .5
000176 6E19           00299   MOVWF DIR_ACTUAL
000178 6A11           00300   CLRF ALARM_EN
00017A 6A04           00301   CLRF IS_NEGATIVE
00017C 9889           00302   BCF LATA,4,0 ;TODO: DEBUGGING
00017E 6A14           00303   CLRF AUTOP_EN
000180 6A17           00304   CLRF RECORD_MODE
000182 6A18           00305   CLRF Tics20
000184 9489           00306   BCF LATA,2,0
000186 0012           00307   RETURN
                      00308 
                      00309 ; Inicialitza ADC pel joystick (AN0 i AN1)
000188                00310 INIT_ADC
                      00311   ;Analog OUT (AN0 & AN1) i deshabilita Vref
000188 0E0D           00312   MOVLW b'00001101'
00018A 6EC1           00313   MOVWF ADCON1,0
                      00314   ;Clear ADCON2
00018C 6AC0           00315   CLRF ADCON2,0
                      00316   ;Enable ADC i selecciona Channel 0
00018E 0E01           00317   MOVLW b'00000001'
000190 6EC2           00318   MOVWF ADCON0,0
000192 0012           00319   RETURN
                      00320 
                      00321 ; Inicialitza les interrupcions a utilitzar (nomes la del timer)
000194                00322 INIT_IRQS
000194 9ED0           00323   BCF RCON,IPEN,0
000196 0EC0           00324   MOVLW b'11000000'
000198 6EF2           00325   MOVWF INTCON,0
00019A 0012           00326   RETURN
                      00327 
                      00328 ; Inicialitza el timer a utilitzar (TIMER0)
00019C                00329 INIT_TMR
00019C 0E8F           00330   MOVLW b'10001111'
00019E 6ED5           00331   MOVWF T0CON,0
0001A0 8AF2           00332   BSF INTCON,TMR0IE,0
0001A2 0012           00333   RETURN
                      00334 
                      00335 ;--------------------------------------
                      00336 ; MAIN I LOOP DEL PROGRAMA
                      00337 ;--------------------------------------
0001A4                00338 MAIN
0001A4 EC?? F???      00339   CALL INIT_OSC
0001A8 EC?? F???      00340   CALL INIT_PORTS
0001AC EC?? F???      00341   CALL INIT_VARS
0001B0 EC?? F???      00342   CALL INIT_ADC
0001B4 EC?? F???      00343   CALL INIT_IRQS
0001B8 EC?? F???      00344   CALL INIT_TMR
MPASM 5.86             NEWPIC_8B_GENERAL.ASM   2-20-2023  20:03:48         PAGE  8


LOC  OBJECT CODE     LINE SOURCE TEXT
  VALUE

                      00345   
0001BC                00346 LOOP
                      00347 ; Consulta Polsador Manual
Warning[203]: Found opcode in column 1. (BTFSS)
0001BC A081           00348 BTFSS PORTB,0,0 
Warning[203]: Found opcode in column 1. (CALL)
0001BE EC?? F???      00349 CALL CHANGE_MANUAL_MODE
                      00350 ; Consulta Polsador Recording
Warning[203]: Found opcode in column 1. (BTFSS)
0001C2 A281           00351 BTFSS PORTB,1,0
Warning[203]: Found opcode in column 1. (CALL)
0001C4 EC?? F???      00352 CALL CHANGE_RECORDING_MODE
                      00353 ; Check direccio
Warning[203]: Found opcode in column 1. (CALL)
0001C8 EC?? F???      00354 CALL TAKE_DIRECTION 
                      00355 ; Check Mode i velocitat si Manual
Warning[203]: Found opcode in column 1. (BTFSS)
0001CC A005           00356 BTFSS MANUAL_MODE,0
Warning[203]: Found opcode in column 1. (GOTO)
0001CE EF?? F???      00357 GOTO LOOP
                      00358 
                      00359 ; Selecciona CH0
Warning[203]: Found opcode in column 1. (BCF)
0001D2 94C2           00360 BCF ADCON0,CHS0,0
Warning[203]: Found opcode in column 1. (CALL)
0001D4 EC?? F???      00361 CALL WAIT_GO_ADC
                      00362 
                      00363 ;Agafa el output (en ADRESH)
                      00364 ;Per utilitzar 7 passos OUTPUT --> ADRESH rang (numero de valors) 
                      00365                         ;H (N) --> [0,38]      (39)
                      00366                         ;M (N) --> [39,77]     (39)
                      00367                         ;L (N) --> [78, 116]   (39)
                      00368                         ;0 --> [117,138]       (22)
                      00369                         ;L (P) --> [139, 177]  (39)
                      00370                         ;M (P) --> [178,216]   (39)
                      00371                         ;H (P) --> [217,255]   (39)
                      00372 ; Divideix in 2 parts per utilitzar el bit Negative de STATUS 
                      00373 ; Sense sobrepassar el limit CA2
Warning[203]: Found opcode in column 1. (MOVLW)
0001D8 0E8B           00374 MOVLW .139
Warning[203]: Found opcode in column 1. (SUBWF)
0001DA 5CC4           00375 SUBWF ADRESH,0,0
Warning[203]: Found opcode in column 1. (BTFSC)
0001DC B8D8           00376 BTFSC STATUS,N,0
Warning[203]: Found opcode in column 1. (GOTO)
0001DE EF?? F???      00377 GOTO CHECK_LOW_VEL
Warning[203]: Found opcode in column 1. (GOTO)
0001E2 EF?? F???      00378 GOTO CHECK_HIGH_VEL
                      00379 
                      00380 ; Assigna les velocitats negatives i el 0
0001E6                00381 CHECK_LOW_VEL
0001E6 0E27           00382   MOVLW .39
0001E8 5CC4           00383   SUBWF ADRESH,0,0
MPASM 5.86             NEWPIC_8B_GENERAL.ASM   2-20-2023  20:03:48         PAGE  9


LOC  OBJECT CODE     LINE SOURCE TEXT
  VALUE

0001EA B8D8           00384   BTFSC STATUS,N,0
0001EC EF?? F???      00385   GOTO VEL_N_HIGH
0001F0 0E4E           00386   MOVLW .78
0001F2 5CC4           00387   SUBWF ADRESH,0,0
0001F4 B8D8           00388   BTFSC STATUS,N,0
0001F6 EF?? F???      00389   GOTO VEL_N_MID
0001FA 0E75           00390   MOVLW .117
0001FC 5CC4           00391   SUBWF ADRESH,0,0
0001FE B8D8           00392   BTFSC STATUS,N,0
000200 EF?? F???      00393   GOTO VEL_N_LOW
000204 EF?? F???      00394   GOTO VEL_0
                      00395 
                      00396 ; Assigna les velocitats positives
000208                00397 CHECK_HIGH_VEL
000208 0EB2           00398   MOVLW .178
00020A 5CC4           00399   SUBWF ADRESH,0,0
00020C B8D8           00400   BTFSC STATUS,N,0
00020E EF?? F???      00401   GOTO VEL_P_LOW
000212 0ED9           00402   MOVLW .217
000214 5CC4           00403   SUBWF ADRESH,0,0
000216 B8D8           00404   BTFSC STATUS,N,0
000218 EF?? F???      00405   GOTO VEL_P_MID
00021C 0EFF           00406   MOVLW .255
00021E 5CC4           00407   SUBWF ADRESH,0,0
000220 B8D8           00408   BTFSC STATUS,N,0
000222 EF?? F???      00409   GOTO VEL_P_HIGH
                      00410 
                      00411 ; Les següents funcions assignen la velocitat, i la posen als 7seg i encenen
                      00412 ; o apaguen el led de velocitat negatiu mentre no estigui l'alarma activada
                      00413 ; Assigna la velocitat (N) H
000226                00414 VEL_N_HIGH
000226 A004           00415   BTFSS IS_NEGATIVE,0
000228 EF?? F???      00416   GOTO VEL_P_HIGH
00022C 0E01           00417   MOVLW .1
00022E 5C06           00418   SUBWF VEL_ACTUAL,0
000230 B4D8           00419   BTFSC STATUS,Z,0
000232 EF?? F???      00420   GOTO LOOP
000236 0E01           00421   MOVLW .1
000238 6E06           00422   MOVWF VEL_ACTUAL
00023A EC?? F???      00423   CALL RESET_TICS_MIN
00023E C000 FF8C      00424   MOVFF CONST_7SEG_HIGH,LATD
000242 A011           00425   BTFSS ALARM_EN,0
000244 8689           00426   BSF LATA,3,0
000246 0E01           00427   MOVLW .1
000248 6E04           00428   MOVWF IS_NEGATIVE
00024A EF?? F???      00429   GOTO LOOP
                      00430 
                      00431 ; Assigna la velocitat (N) M 
00024E                00432 VEL_N_MID
00024E 0E02           00433   MOVLW .2
000250 5C06           00434   SUBWF VEL_ACTUAL,0
000252 B4D8           00435   BTFSC STATUS,Z,0
000254 EF?? F???      00436   GOTO LOOP
MPASM 5.86             NEWPIC_8B_GENERAL.ASM   2-20-2023  20:03:48         PAGE 10


LOC  OBJECT CODE     LINE SOURCE TEXT
  VALUE

000258 0E02           00437   MOVLW .2
00025A 6E06           00438   MOVWF VEL_ACTUAL
00025C EC?? F???      00439   CALL RESET_TICS_MIN
000260 C001 FF8C      00440   MOVFF CONST_7SEG_MID,LATD
000264 A011           00441   BTFSS ALARM_EN,0
000266 8689           00442   BSF LATA,3,0
000268 0E01           00443   MOVLW .1
00026A 6E04           00444   MOVWF IS_NEGATIVE
00026C EF?? F???      00445   GOTO LOOP
                      00446 
                      00447 ; Assigna la velocitat (N) L
000270                00448 VEL_N_LOW
000270 0E03           00449   MOVLW .3
000272 5C06           00450   SUBWF VEL_ACTUAL,0
000274 B4D8           00451   BTFSC STATUS,Z,0
000276 EF?? F???      00452   GOTO LOOP
00027A 0E03           00453   MOVLW .3
00027C 6E06           00454   MOVWF VEL_ACTUAL
00027E EC?? F???      00455   CALL RESET_TICS_MIN
000282 C002 FF8C      00456   MOVFF CONST_7SEG_LOW,LATD
000286 A011           00457   BTFSS ALARM_EN,0
000288 8689           00458   BSF LATA,3,0
00028A 0E01           00459   MOVLW .1
00028C 6E04           00460   MOVWF IS_NEGATIVE
00028E EF?? F???      00461   GOTO LOOP
                      00462 
                      00463 ; Assigna la velocitat 0
000292                00464 VEL_0
000292 0E04           00465   MOVLW .4
000294 5C06           00466   SUBWF VEL_ACTUAL,0
000296 B4D8           00467   BTFSC STATUS,Z,0
000298 EF?? F???      00468   GOTO LOOP
00029C 0E04           00469   MOVLW .4
00029E 6E06           00470   MOVWF VEL_ACTUAL
0002A0 EC?? F???      00471   CALL RESET_TICS_MIN
0002A4 C003 FF8C      00472   MOVFF CONST_7SEG_0,LATD
0002A8 A011           00473   BTFSS ALARM_EN,0
0002AA 9689           00474   BCF LATA,3,0
0002AC 6A04           00475   CLRF IS_NEGATIVE
0002AE EF?? F???      00476   GOTO LOOP
                      00477 
                      00478 ; Assigna la velocitat (P) L 
0002B2                00479 VEL_P_LOW
0002B2 0E05           00480   MOVLW .5
0002B4 5C06           00481   SUBWF VEL_ACTUAL,0
0002B6 B4D8           00482   BTFSC STATUS,Z,0
0002B8 EF?? F???      00483   GOTO LOOP
0002BC 0E05           00484   MOVLW .5
0002BE 6E06           00485   MOVWF VEL_ACTUAL
0002C0 EC?? F???      00486   CALL RESET_TICS_MIN
0002C4 C002 FF8C      00487   MOVFF CONST_7SEG_LOW,LATD
0002C8 A011           00488   BTFSS ALARM_EN,0
0002CA 9689           00489   BCF LATA,3,0
MPASM 5.86             NEWPIC_8B_GENERAL.ASM   2-20-2023  20:03:48         PAGE 11


LOC  OBJECT CODE     LINE SOURCE TEXT
  VALUE

0002CC 6A04           00490   CLRF IS_NEGATIVE
0002CE EF?? F???      00491   GOTO LOOP
                      00492 
                      00493 ; Assigna la velocitat (P) M
0002D2                00494 VEL_P_MID
0002D2 0E06           00495   MOVLW .6
0002D4 5C06           00496   SUBWF VEL_ACTUAL,0
0002D6 B4D8           00497   BTFSC STATUS,Z,0
0002D8 EF?? F???      00498   GOTO LOOP
0002DC 0E06           00499   MOVLW .6
0002DE 6E06           00500   MOVWF VEL_ACTUAL
0002E0 EC?? F???      00501   CALL RESET_TICS_MIN
0002E4 C001 FF8C      00502   MOVFF CONST_7SEG_MID,LATD
0002E8 A011           00503   BTFSS ALARM_EN,0
0002EA 9689           00504   BCF LATA,3,0
0002EC 6A04           00505   CLRF IS_NEGATIVE
0002EE EF?? F???      00506   GOTO LOOP
                      00507 
                      00508 ; Assigna la velocitat (P) H
0002F2                00509 VEL_P_HIGH
0002F2 0E07           00510   MOVLW .7
0002F4 5C06           00511   SUBWF VEL_ACTUAL,0
0002F6 B4D8           00512   BTFSC STATUS,Z,0
0002F8 EF?? F???      00513   GOTO LOOP
0002FC 0E07           00514   MOVLW .7
0002FE 6E06           00515   MOVWF VEL_ACTUAL
000300 EC?? F???      00516   CALL RESET_TICS_MIN
000304 C000 FF8C      00517   MOVFF CONST_7SEG_HIGH,LATD
000308 A011           00518   BTFSS ALARM_EN,0
00030A 9689           00519   BCF LATA,3,0
00030C 6A04           00520   CLRF IS_NEGATIVE
00030E EF?? F???      00521   GOTO LOOP
                      00522 
                      00523 ; Assigna la direccio actual
000312                00524 TAKE_DIRECTION
                      00525   ; Selecciona CH1
000312 84C2           00526   BSF ADCON0,CHS0,0
000314 EC?? F???      00527   CALL WAIT_GO_ADC
                      00528   ;Agafa el output (en ADRESH)
                      00529   ;Per utilitzar 9 passos OUTPUT --> ADRESH rang (numero de valors) 
                      00530                         ;MAX (L) --> [0,10]     (11)
                      00531                         ;H (L) --> [11,46]      (36)
                      00532                         ;M (L) --> [47, 82]    (36)
                      00533                         ;L (L) --> [83,118]    (36)
                      00534                         ;S --> [119, 136]       (18)
                      00535                         ;L (R) --> [137,172]    (36)
                      00536                         ;M (R) --> [173,208]    (36)
                      00537                         ;H (R) --> [209,244]      (36)
                      00538                         ;MAX (R) --> [245,255]  (11)
                      00539   
                      00540   ; Divideix in 2 parts per utilitzar el bit Negative de STATUS 
                      00541   ; Sense sobrepassar el limit CA2
000318 0E89           00542   MOVLW .137
MPASM 5.86             NEWPIC_8B_GENERAL.ASM   2-20-2023  20:03:48         PAGE 12


LOC  OBJECT CODE     LINE SOURCE TEXT
  VALUE

00031A 5CC4           00543   SUBWF ADRESH,0,0
00031C B8D8           00544   BTFSC STATUS,N,0
00031E EF?? F???      00545   GOTO CHECK_LOW_DIR
000322 EF?? F???      00546   GOTO CHECK_HIGH_DIR
                      00547   
                      00548   ; Assigna les direccions de l'esquerra i el 0
Warning[207]: Found label after column 1. (CHECK_LOW_DIR)
000326                00549   CHECK_LOW_DIR                 
000326 0E0B           00550     MOVLW .11
000328 5CC4           00551     SUBWF ADRESH,0,0
00032A B8D8           00552     BTFSC STATUS,N,0
00032C EF?? F???      00553     GOTO DIR_L_MAX
000330 0E2F           00554     MOVLW .47
000332 5CC4           00555     SUBWF ADRESH,0,0
000334 B8D8           00556     BTFSC STATUS,N,0
000336 EF?? F???      00557     GOTO DIR_L_HIGH
00033A 0E53           00558     MOVLW .83
00033C 5CC4           00559     SUBWF ADRESH,0,0
00033E B8D8           00560     BTFSC STATUS,N,0
000340 EF?? F???      00561     GOTO DIR_L_MID
000344 0E77           00562     MOVLW .119
000346 5CC4           00563     SUBWF ADRESH,0,0
000348 B8D8           00564     BTFSC STATUS,N,0
00034A EF?? F???      00565     GOTO DIR_L_LOW
00034E EF?? F???      00566     GOTO DIR_S
                      00567   
                      00568   ; Assigna les direccions de la dreta
Warning[207]: Found label after column 1. (CHECK_HIGH_DIR)
000352                00569   CHECK_HIGH_DIR
000352 0EAD           00570     MOVLW .173  
000354 5CC4           00571     SUBWF ADRESH,0,0
000356 B8D8           00572     BTFSC STATUS,N,0
000358 EF?? F???      00573     GOTO DIR_R_LOW
00035C 0ED1           00574     MOVLW .209
00035E 5CC4           00575     SUBWF ADRESH,0,0
000360 B8D8           00576     BTFSC STATUS,N,0
000362 EF?? F???      00577     GOTO DIR_R_MID
000366 0EF5           00578     MOVLW .245
000368 5CC4           00579     SUBWF ADRESH,0,0
00036A B8D8           00580     BTFSC STATUS,N,0
00036C EF?? F???      00581     GOTO DIR_R_HIGH
000370 0EFF           00582     MOVLW .255
000372 5CC4           00583     SUBWF ADRESH,0,0
000374 B8D8           00584     BTFSC STATUS,N,0
000376 EF?? F???      00585     GOTO DIR_R_MAX
00037A EF?? F???      00586     GOTO DIR_L_MAX
                      00587   
Warning[207]: Found label after column 1. (GO_BACK)
00037E                00588   GO_BACK
00037E 0012           00589   RETURN
                      00590   
                      00591 ; Les següents funcions assignen la direccio, i la posen a la barra de leds,
                      00592 ; a mes de mesurar el PWM que haura de tenir el servo
MPASM 5.86             NEWPIC_8B_GENERAL.ASM   2-20-2023  20:03:48         PAGE 13


LOC  OBJECT CODE     LINE SOURCE TEXT
  VALUE

                      00593 ; Assigna la direccio (L) MAX
000380                00594 DIR_L_MAX
000380 A020           00595   BTFSS IS_LEFT,0
000382 EF?? F???      00596   GOTO DIR_R_MAX
000386 0E01           00597   MOVLW .1
000388 5C19           00598   SUBWF DIR_ACTUAL,0
00038A B4D8           00599   BTFSC STATUS,Z,0
00038C EF?? F???      00600   GOTO GO_BACK
000390 0E01           00601   MOVLW .1
000392 6E19           00602   MOVWF DIR_ACTUAL
000394 EC?? F???      00603   CALL RESET_TICS_MIN
                      00604   ; Aqui s'encendria el valor corresponent a la barra de leds
000398 0E01           00605   MOVLW .1
00039A 6E20           00606   MOVWF IS_LEFT
00039C EF?? F???      00607   GOTO GO_BACK
                      00608  
                      00609 ; Assigna la direccio (L) HIGH
0003A0                00610 DIR_L_HIGH
0003A0 A020           00611   BTFSS IS_LEFT,0
0003A2 EF?? F???      00612   GOTO DIR_R_MAX
0003A6 0E02           00613   MOVLW .2
0003A8 5C19           00614   SUBWF DIR_ACTUAL,0
0003AA B4D8           00615   BTFSC STATUS,Z,0
0003AC EF?? F???      00616   GOTO GO_BACK
0003B0 0E02           00617   MOVLW .2
0003B2 6E19           00618   MOVWF DIR_ACTUAL
0003B4 EC?? F???      00619   CALL RESET_TICS_MIN
                      00620   ; Aqui s'encendria el valor corresponent a la barra de leds
0003B8 0E01           00621   MOVLW .1
0003BA 6E20           00622   MOVWF IS_LEFT
0003BC EF?? F???      00623   GOTO GO_BACK
                      00624   
                      00625 ; Assigna la direccio (L) MID
0003C0                00626 DIR_L_MID
0003C0 0E03           00627   MOVLW .3
0003C2 5C19           00628   SUBWF DIR_ACTUAL,0
0003C4 B4D8           00629   BTFSC STATUS,Z,0
0003C6 EF?? F???      00630   GOTO GO_BACK
0003CA 0E03           00631   MOVLW .3
0003CC 6E19           00632   MOVWF DIR_ACTUAL
0003CE EC?? F???      00633   CALL RESET_TICS_MIN
                      00634   ; Aqui s'encendria el valor corresponent a la barra de leds
0003D2 0E01           00635   MOVLW .1
0003D4 6E20           00636   MOVWF IS_LEFT
0003D6 EF?? F???      00637   GOTO GO_BACK
                      00638   
                      00639 ; Assigna la direccio (L) LOW
0003DA                00640 DIR_L_LOW
0003DA 0E04           00641   MOVLW .4
0003DC 5C19           00642   SUBWF DIR_ACTUAL,0
0003DE B4D8           00643   BTFSC STATUS,Z,0
0003E0 EF?? F???      00644   GOTO GO_BACK
0003E4 0E04           00645   MOVLW .4
MPASM 5.86             NEWPIC_8B_GENERAL.ASM   2-20-2023  20:03:48         PAGE 14


LOC  OBJECT CODE     LINE SOURCE TEXT
  VALUE

0003E6 6E19           00646   MOVWF DIR_ACTUAL
0003E8 EC?? F???      00647   CALL RESET_TICS_MIN
                      00648   ; Aqui s'encendria el valor corresponent a la barra de leds
0003EC 0E01           00649   MOVLW .1
0003EE 6E20           00650   MOVWF IS_LEFT
0003F0 EF?? F???      00651   GOTO GO_BACK
                      00652   
                      00653 ; Assigna la direccio Straight (Recte)
0003F4                00654 DIR_S
0003F4 0E05           00655   MOVLW .5
0003F6 5C19           00656   SUBWF DIR_ACTUAL,0
0003F8 B4D8           00657   BTFSC STATUS,Z,0
0003FA EF?? F???      00658   GOTO GO_BACK
0003FE 0E05           00659   MOVLW .5
000400 6E19           00660   MOVWF DIR_ACTUAL
000402 EC?? F???      00661   CALL RESET_TICS_MIN
                      00662   ; Aqui s'encendria el valor corresponent a la barra de leds
000406 9889           00663   BCF LATA,4,0 ;TODO: DEBUGGING
000408 6A20           00664   CLRF IS_LEFT
00040A EF?? F???      00665   GOTO GO_BACK
                      00666   
                      00667 ; Assigna la direccio (R) LOW
00040E                00668 DIR_R_LOW
00040E 0E06           00669   MOVLW .6
000410 5C19           00670   SUBWF DIR_ACTUAL,0
000412 B4D8           00671   BTFSC STATUS,Z,0
000414 EF?? F???      00672   GOTO GO_BACK
000418 0E06           00673   MOVLW .6
00041A 6E19           00674   MOVWF DIR_ACTUAL
00041C EC?? F???      00675   CALL RESET_TICS_MIN
                      00676   ; Aqui s'encendria el valor corresponent a la barra de leds
000420 6A20           00677   CLRF IS_LEFT
000422 EF?? F???      00678   GOTO GO_BACK
                      00679   
                      00680 ; Assigna la direccio (R) MID
000426                00681 DIR_R_MID
000426 0E07           00682   MOVLW .7
000428 5C19           00683   SUBWF DIR_ACTUAL,0
00042A B4D8           00684   BTFSC STATUS,Z,0
00042C EF?? F???      00685   GOTO GO_BACK
000430 0E07           00686   MOVLW .7
000432 6E19           00687   MOVWF DIR_ACTUAL
000434 EC?? F???      00688   CALL RESET_TICS_MIN
                      00689   ; Aqui s'encendria el valor corresponent a la barra de leds
000438 6A20           00690   CLRF IS_LEFT
00043A EF?? F???      00691   GOTO GO_BACK
                      00692   
                      00693 ; Assigna la direccio (R) HIGH
00043E                00694 DIR_R_HIGH
00043E 0E08           00695   MOVLW .8
000440 5C19           00696   SUBWF DIR_ACTUAL,0
000442 B4D8           00697   BTFSC STATUS,Z,0
000444 EF?? F???      00698   GOTO GO_BACK
MPASM 5.86             NEWPIC_8B_GENERAL.ASM   2-20-2023  20:03:48         PAGE 15


LOC  OBJECT CODE     LINE SOURCE TEXT
  VALUE

000448 0E08           00699   MOVLW .8
00044A 6E19           00700   MOVWF DIR_ACTUAL
00044C EC?? F???      00701   CALL RESET_TICS_MIN
                      00702   ; Aqui s'encendria el valor corresponent a la barra de leds
000450 6A20           00703   CLRF IS_LEFT
000452 EF?? F???      00704   GOTO GO_BACK
                      00705   
                      00706 ; Assigna la direccio (R) MAX
000456                00707 DIR_R_MAX
000456 0E09           00708   MOVLW .9
000458 5C19           00709   SUBWF DIR_ACTUAL,0
00045A B4D8           00710   BTFSC STATUS,Z,0
00045C EF?? F???      00711   GOTO GO_BACK
000460 0E09           00712   MOVLW .9
000462 6E19           00713   MOVWF DIR_ACTUAL
000464 EC?? F???      00714   CALL RESET_TICS_MIN
                      00715   ; Aqui s'encendria el valor corresponent a la barra de leds
000468 8889           00716    BSF LATA,4,0 ;TODO: DEBUGGING
                      00717    ;BSF LATA,2,0 ;TODO: DEBUGGING
                      00718    ;CALL COUNT_PAS_SERVO
                      00719    ;BCF LATA,2,0
00046A 6A20           00720   CLRF IS_LEFT
00046C EF?? F???      00721   GOTO GO_BACK
                      00722 
                      00723   
                      00724 ; Treu l'output de ADC quan hagi acabat de fer la transformacio 
000470                00725 WAIT_GO_ADC
                      00726   ;Preparat per agafar l'output
000470 82C2           00727   BSF ADCON0,GO_NOT_DONE,0
                      00728   ;Procesessa l'output
Warning[207]: Found label after column 1. (WAIT_ADC)
000472                00729   WAIT_ADC
000472 B2C2           00730     BTFSC ADCON0,GO_NOT_DONE,0
000474 EF?? F???      00731     GOTO WAIT_ADC
000478 0012           00732   RETURN
                      00733   
                      00734 ;--------------------------------------
                      00735 ; COMPTATGES D'INSTRUCCIONS
                      00736 ;--------------------------------------
                      00737 ; Compta 20ms corresponents al temps de rebots dels polsadors 
                      00738 ; TTarget = 20ms | Tinst = 250ns --> #inst = 80.000 - 4 = 79996
                      00739 ; 4 + (4*X + 6)*Y = 79996 --> X = 255 | Y = 78
00047A                00740 COUNT_20ms
00047A 0E01           00741   MOVLW .1 ;x = 256 - 255 = 1
00047C 6E07           00742   MOVWF ContInstL
00047E 0EB2           00743   MOVLW .178 ;y = 256 - 78 = 178
000480 6E08           00744   MOVWF ContInstH
Warning[207]: Found label after column 1. (T_REBOTS)
000482                00745   T_REBOTS
000482 2A07           00746     INCF ContInstL,1
000484 A0D8           00747     BTFSS STATUS,C,0
000486 EF?? F???      00748     GOTO T_REBOTS
00048A 0E01           00749     MOVLW .1
MPASM 5.86             NEWPIC_8B_GENERAL.ASM   2-20-2023  20:03:48         PAGE 16


LOC  OBJECT CODE     LINE SOURCE TEXT
  VALUE

00048C 6E07           00750     MOVWF ContInstL
00048E 2A08           00751     INCF ContInstH,1
000490 A0D8           00752     BTFSS STATUS,C,0
000492 EF?? F???      00753     GOTO T_REBOTS
000496 0012           00754   RETURN
                      00755   
                      00756 ; Compta 222us corresponents a 1 pas dels 9 que hi ha per mesurar la direccio 
                      00757 ; TTarget = 222us | Tinst = 250ns --> #inst = 888 - 4 = 884
                      00758 ; 2 + 4*X = 884 --> 2 NOP's i X = 220
000498                00759 COUNT_PAS_SERVO
000498 0E24           00760   MOVLW .36 ;x = 256 - 220 = 36
00049A 6E22           00761   MOVWF ContPWM
00049C 0000           00762   NOP
00049E 0000           00763   NOP
Warning[207]: Found label after column 1. (T_PAS)
0004A0                00764   T_PAS
0004A0 2A22           00765     INCF ContPWM,1
0004A2 A0D8           00766     BTFSS STATUS,C,0
0004A4 EF?? F???      00767     GOTO T_PAS  
0004A8 0012           00768   RETURN
                      00769         
Warning[205]: Found directive in column 1. (END)
                      00770 END
MPASM 5.86             NEWPIC_8B_GENERAL.ASM   2-20-2023  20:03:48         PAGE 17


SYMBOL TABLE
  LABEL                             VALUE 

A                                 00000000
ABDEN                             00000000
ABDOVF                            00000007
ACCESS                            00000000
ACKDT                             00000005
ACKEN                             00000004
ACKSTAT                           00000006
ACQT0                             00000003
ACQT1                             00000004
ACQT2                             00000005
ADCON0                            00000FC2
ADCON1                            00000FC1
ADCON2                            00000FC0
ADCS0                             00000000
ADCS1                             00000001
ADCS2                             00000002
ADDEN                             00000003
ADEN                              00000003
ADFM                              00000007
ADIE                              00000006
ADIF                              00000006
ADIP                              00000006
ADMSK1                            00000001
ADMSK2                            00000002
ADMSK3                            00000003
ADMSK4                            00000004
ADMSK5                            00000005
ADON                              00000000
ADRES                             00000FC3
ADRESH                            00000FC4
ADRESL                            00000FC3
ALARM_EN                          00000011
AN0                               00000000
AN1                               00000001
AN10                              00000001
AN11                              00000004
AN12                              00000000
AN2                               00000002
AN3                               00000003
AN4                               00000005
AN5                               00000000
AN6                               00000001
AN7                               00000002
AN8                               00000002
AN9                               00000003
AUTOP_EN                          00000014
BANKED                            00000001
BAUDCON                           00000FB8
BAUDCTL                           00000FB8
BCLIE                             00000003
BCLIF                             00000003
BCLIP                             00000003
BF                                00000000
MPASM 5.86             NEWPIC_8B_GENERAL.ASM   2-20-2023  20:03:48         PAGE 18


SYMBOL TABLE
  LABEL                             VALUE 

BGST                              00000005
BOR                               00000000
BRG16                             00000003
BRGH                              00000002
BSR                               00000FE0
C                                 00000000
C1INV                             00000004
C1N                               00000000
C1OUT_CMCON                       00000006
C1OUT_PORTA                       00000004
C1P                               00000003
C2INV                             00000005
C2N                               00000001
C2OUT_CMCON                       00000007
C2OUT_PORTA                       00000005
C2P                               00000002
CCP1                              00000002
CCP1CON                           00000FBD
CCP1IE                            00000002
CCP1IF                            00000002
CCP1IP                            00000002
CCP1M0                            00000000
CCP1M1                            00000001
CCP1M2                            00000002
CCP1M3                            00000003
CCP1X                             00000005
CCP1Y                             00000004
CCP2CON                           00000FBA
CCP2IE                            00000000
CCP2IF                            00000000
CCP2IP                            00000000
CCP2M0                            00000000
CCP2M1                            00000001
CCP2M2                            00000002
CCP2M3                            00000003
CCP2X                             00000005
CCP2Y                             00000004
CCP2_PORTB                        00000003
CCP2_PORTC                        00000001
CCPR1                             00000FBE
CCPR1H                            00000FBF
CCPR1L                            00000FBE
CCPR2                             00000FBB
CCPR2H                            00000FBC
CCPR2L                            00000FBB
CFGS                              00000006
CHANGE_MANUAL_MODE                000000E6
CHANGE_RECORDING_MODE             00000114
CHANGE_TO_CRUISE                  000000E0
CHANGE_TO_MANUAL                  000000DA
CHANGE_TO_NO_RECORD               0000010E
CHANGE_TO_RECORD                  00000108
CHECK_20ms                        00000058
MPASM 5.86             NEWPIC_8B_GENERAL.ASM   2-20-2023  20:03:48         PAGE 19


SYMBOL TABLE
  LABEL                             VALUE 

CHECK_HIGH_DIR                    00000352
CHECK_HIGH_VEL                    00000208
CHECK_LOW_DIR                     00000326
CHECK_LOW_VEL                     000001E6
CHECK_TICS_MIN                    0000006E
CHECK_TICS_SEG                    000000AC
CHS0                              00000002
CHS1                              00000003
CHS2                              00000004
CHS3                              00000005
CIS                               00000003
CK                                00000006
CKE                               00000006
CKP                               00000004
CLKI                              00000007
CLKO                              00000006
CM0                               00000000
CM1                               00000001
CM2                               00000002
CMCON                             00000FB4
CMIE                              00000006
CMIF                              00000006
CMIP                              00000006
CONST_7SEG_0                      00000003
CONST_7SEG_HIGH                   00000000
CONST_7SEG_LOW                    00000002
CONST_7SEG_MID                    00000001
COUNT_20ms                        0000047A
COUNT_PAS_SERVO                   00000498
CREN                              00000004
CS                                00000002
CSRC                              00000007
CVR0                              00000000
CVR1                              00000001
CVR2                              00000002
CVR3                              00000003
CVRCON                            00000FB5
CVREF                             00000002
CVREN                             00000007
CVROE                             00000006
CVRR                              00000005
CVRSS                             00000004
ContInstH                         00000008
ContInstL                         00000007
ContPWM                           00000022
ContTHigh                         00000021
D                                 00000005
DC                                00000001
DC1B0                             00000004
DC1B1                             00000005
DC2B0                             00000004
DC2B1                             00000005
DDRA                              TRISA
MPASM 5.86             NEWPIC_8B_GENERAL.ASM   2-20-2023  20:03:48         PAGE 20


SYMBOL TABLE
  LABEL                             VALUE 

DDRB                              TRISB
DDRC                              TRISC
DDRD                              TRISD
DDRE                              TRISE
DIR_ACTUAL                        00000019
DIR_L_HIGH                        000003A0
DIR_L_LOW                         000003DA
DIR_L_MAX                         00000380
DIR_L_MID                         000003C0
DIR_R_HIGH                        0000043E
DIR_R_LOW                         0000040E
DIR_R_MAX                         00000456
DIR_R_MID                         00000426
DIR_S                             000003F4
DONE                              00000001
D_A                               00000005
D_NOT_A                           00000005
ECCP1AS                           00000FB6
ECCP1CON                          00000FBD
ECCP1DEL                          00000FB7
ECCPAS0                           00000004
ECCPAS1                           00000005
ECCPAS2                           00000006
ECCPASE                           00000007
EEADR                             00000FA9
EECON1                            00000FA6
EECON2                            00000FA7
EEDATA                            00000FA8
EEIE                              00000004
EEIF                              00000004
EEIP                              00000004
EEPGD                             00000007
ESPERA_FI_P0                      000000F8
ESPERA_FI_P1                      0000012A
FAST                              00000001
FERR                              00000002
FLT0                              00000000
FLTS                              00000002
FREE                              00000004
FSR0                              00000000
FSR0H                             00000FEA
FSR0L                             00000FE9
FSR1                              00000001
FSR1H                             00000FE2
FSR1L                             00000FE1
FSR2                              00000002
FSR2H                             00000FDA
FSR2L                             00000FD9
GCEN                              00000007
GIE                               00000007
GIEH                              00000007
GIEL                              00000006
GIE_GIEH                          00000007
MPASM 5.86             NEWPIC_8B_GENERAL.ASM   2-20-2023  20:03:48         PAGE 21


SYMBOL TABLE
  LABEL                             VALUE 

GO                                00000001
GO_BACK                           0000037E
GO_DONE                           00000001
GO_NOT_DONE                       00000001
HIGH_RSI                          0000003A
HLVDCON                           00000FD2
HLVDEN                            00000004
HLVDIE                            00000002
HLVDIF                            00000002
HLVDIN                            00000005
HLVDIP                            00000002
HLVDL0                            00000000
HLVDL1                            00000001
HLVDL2                            00000002
HLVDL3                            00000003
IBF                               00000007
IBOV                              00000005
IDLEN                             00000007
INDF0                             00000FEF
INDF1                             00000FE7
INDF2                             00000FDF
INIT_ADC                          00000188
INIT_IRQS                         00000194
INIT_OSC                          0000013C
INIT_PORTS                        00000144
INIT_TMR                          0000019C
INIT_VARS                         00000158
INT0                              00000000
INT0E                             00000004
INT0F                             00000001
INT0IE                            00000004
INT0IF                            00000001
INT1                              00000001
INT1E                             00000003
INT1F                             00000000
INT1IE                            00000003
INT1IF                            00000000
INT1IP                            00000006
INT1P                             00000006
INT2                              00000002
INT2E                             00000004
INT2F                             00000001
INT2IE                            00000004
INT2IF                            00000001
INT2IP                            00000007
INT2P                             00000007
INTCON                            00000FF2
INTCON2                           00000FF1
INTCON3                           00000FF0
INTEDG0                           00000006
INTEDG1                           00000005
INTEDG2                           00000004
INTSRC                            00000007
MPASM 5.86             NEWPIC_8B_GENERAL.ASM   2-20-2023  20:03:48         PAGE 22


SYMBOL TABLE
  LABEL                             VALUE 

IOFS                              00000002
IPEN                              00000007
IPR1                              00000F9F
IPR2                              00000FA2
IRCF0                             00000004
IRCF1                             00000005
IRCF2                             00000006
IRVST                             00000005
IS_LEFT                           00000020
IS_NEGATIVE                       00000004
KBI0                              00000004
KBI1                              00000005
KBI2                              00000006
KBI3                              00000007
LATA                              00000F89
LATA0                             00000000
LATA1                             00000001
LATA2                             00000002
LATA3                             00000003
LATA4                             00000004
LATA5                             00000005
LATA6                             00000006
LATA7                             00000007
LATB                              00000F8A
LATB0                             00000000
LATB1                             00000001
LATB2                             00000002
LATB3                             00000003
LATB4                             00000004
LATB5                             00000005
LATB6                             00000006
LATB7                             00000007
LATC                              00000F8B
LATC0                             00000000
LATC1                             00000001
LATC2                             00000002
LATC3                             00000003
LATC4                             00000004
LATC5                             00000005
LATC6                             00000006
LATC7                             00000007
LATD                              00000F8C
LATD0                             00000000
LATD1                             00000001
LATD2                             00000002
LATD3                             00000003
LATD4                             00000004
LATD5                             00000005
LATD6                             00000006
LATD7                             00000007
LATE                              00000F8D
LATE0                             00000000
LATE1                             00000001
MPASM 5.86             NEWPIC_8B_GENERAL.ASM   2-20-2023  20:03:48         PAGE 23


SYMBOL TABLE
  LABEL                             VALUE 

LATE2                             00000002
LOAD_TMR                          0000001A
LOOP                              000001BC
LVDCON                            00000FD2
LVDEN                             00000004
LVDIE                             00000002
LVDIF                             00000002
LVDIP                             00000002
LVDL0                             00000000
LVDL1                             00000001
LVDL2                             00000002
LVDL3                             00000003
LVV0                              00000000
LVV1                              00000001
LVV2                              00000002
LVV3                              00000003
MAIN                              000001A4
MANUAL_MODE                       00000005
MCLR                              00000003
MINUTE_PASSED                     0000008E
N                                 00000004
NEW_SERVO_PWM                     00000066
NOT_A                             00000005
NOT_ADDRESS                       00000005
NOT_BOR                           00000000
NOT_CS                            00000002
NOT_DONE                          00000001
NOT_MCLR                          00000003
NOT_PD                            00000002
NOT_POR                           00000001
NOT_RBPU                          00000007
NOT_RD                            00000000
NOT_RI                            00000004
NOT_SS                            00000005
NOT_T1SYNC                        00000002
NOT_T3SYNC                        00000002
NOT_TO                            00000003
NOT_W                             00000002
NOT_WR                            00000001
NOT_WRITE                         00000002
OBF                               00000006
OERR                              00000001
OSC1                              00000007
OSC2                              00000006
OSCCON                            00000FD3
OSCFIE                            00000007
OSCFIF                            00000007
OSCFIP                            00000007
OSCTUNE                           00000F9B
OSTS                              00000003
OV                                00000003
P                                 00000004
P1A                               00000002
MPASM 5.86             NEWPIC_8B_GENERAL.ASM   2-20-2023  20:03:48         PAGE 24


SYMBOL TABLE
  LABEL                             VALUE 

P1B                               00000005
P1C                               00000006
P1D                               00000007
P1M0                              00000006
P1M1                              00000007
PC                                00000FF9
PCFG0                             00000000
PCFG1                             00000001
PCFG2                             00000002
PCFG3                             00000003
PCL                               00000FF9
PCLATH                            00000FFA
PCLATU                            00000FFB
PD                                00000002
PDC0                              00000000
PDC1                              00000001
PDC2                              00000002
PDC3                              00000003
PDC4                              00000004
PDC5                              00000005
PDC6                              00000006
PEIE                              00000006
PEIE_GIEL                         00000006
PEN                               00000002
PGC                               00000006
PGD                               00000007
PGM                               00000005
PIE1                              00000F9D
PIE2                              00000FA0
PIR1                              00000F9E
PIR2                              00000FA1
PLLEN                             00000006
PLUSW0                            00000FEB
PLUSW1                            00000FE3
PLUSW2                            00000FDB
POR                               00000001
PORTA                             00000F80
PORTB                             00000F81
PORTC                             00000F82
PORTD                             00000F83
PORTE                             00000F84
POSTDEC0                          00000FED
POSTDEC1                          00000FE5
POSTDEC2                          00000FDD
POSTINC0                          00000FEE
POSTINC1                          00000FE6
POSTINC2                          00000FDE
PR2                               00000FCB
PREINC0                           00000FEC
PREINC1                           00000FE4
PREINC2                           00000FDC
PROD                              00000FF3
PRODH                             00000FF4
MPASM 5.86             NEWPIC_8B_GENERAL.ASM   2-20-2023  20:03:48         PAGE 25


SYMBOL TABLE
  LABEL                             VALUE 

PRODL                             00000FF3
PRSEN                             00000007
PSA                               00000003
PSP0                              00000000
PSP1                              00000001
PSP2                              00000002
PSP3                              00000003
PSP4                              00000004
PSP5                              00000005
PSP6                              00000006
PSP7                              00000007
PSPIE                             00000007
PSPIF                             00000007
PSPIP                             00000007
PSPMODE                           00000004
PSSAC0                            00000002
PSSAC1                            00000003
PSSBD0                            00000000
PSSBD1                            00000001
PWM                               00000023
PWM1CON                           00000FB7
R                                 00000002
RA0                               00000000
RA1                               00000001
RA2                               00000002
RA3                               00000003
RA4                               00000004
RA5                               00000005
RA6                               00000006
RA7                               00000007
RB0                               00000000
RB1                               00000001
RB2                               00000002
RB3                               00000003
RB4                               00000004
RB5                               00000005
RB6                               00000006
RB7                               00000007
RBIE                              00000003
RBIF                              00000000
RBIP                              00000000
RBPU                              00000007
RC0                               00000000
RC1                               00000001
RC2                               00000002
RC3                               00000003
RC4                               00000004
RC5                               00000005
RC6                               00000006
RC7                               00000007
RCEN                              00000003
RCIDL                             00000006
RCIE                              00000005
MPASM 5.86             NEWPIC_8B_GENERAL.ASM   2-20-2023  20:03:48         PAGE 26


SYMBOL TABLE
  LABEL                             VALUE 

RCIF                              00000005
RCIP                              00000005
RCMT                              00000006
RCON                              00000FD0
RCREG                             00000FAE
RCSTA                             00000FAB
RD                                00000000
RD0                               00000000
RD1                               00000001
RD16                              00000007
RD2                               00000002
RD3                               00000003
RD4                               00000004
RD5                               00000005
RD6                               00000006
RD7                               00000007
RE0                               00000000
RE1                               00000001
RE2                               00000002
RE3                               00000003
RECORD_MODE                       00000017
RESET_TICS_ALARM                  00000034
RESET_TICS_MIN                    00000024
RESET_TICS_SEG                    0000002C
RI                                00000004
RSEN                              00000001
RX                                00000007
RX9                               00000006
RX9D                              00000000
RXDTP                             00000005
R_NOT_W                           00000002
R_W                               00000002
S                                 00000003
SBOREN                            00000006
SCK                               00000003
SCKP                              00000004
SCL                               00000003
SCS0                              00000000
SCS1                              00000001
SDA                               00000004
SDI                               00000004
SDO                               00000005
SEN                               00000000
SENDB                             00000003
SMP                               00000007
SP0                               00000000
SP1                               00000001
SP2                               00000002
SP3                               00000003
SP4                               00000004
SPBRG                             00000FAF
SPBRGH                            00000FB0
SPEN                              00000007
MPASM 5.86             NEWPIC_8B_GENERAL.ASM   2-20-2023  20:03:48         PAGE 27


SYMBOL TABLE
  LABEL                             VALUE 

SREN                              00000005
SSPADD                            00000FC8
SSPBUF                            00000FC9
SSPCON1                           00000FC6
SSPCON2                           00000FC5
SSPEN                             00000005
SSPIE                             00000003
SSPIF                             00000003
SSPIP                             00000003
SSPM0                             00000000
SSPM1                             00000001
SSPM2                             00000002
SSPM3                             00000003
SSPOV                             00000006
SSPSTAT                           00000FC7
STATUS                            00000FD8
STKFUL                            00000007
STKOVF                            00000007
STKPTR                            00000FFC
STKUNF                            00000006
SWDTE                             00000000
SWDTEN                            00000000
SYNC                              00000004
T016BIT                           00000006
T08BIT                            00000006
T0CKI                             00000004
T0CON                             00000FD5
T0CS                              00000005
T0IE                              00000005
T0IF                              00000002
T0PS0                             00000000
T0PS1                             00000001
T0PS2                             00000002
T0SE                              00000004
T13CKI                            00000000
T1CKI                             00000000
T1CKPS0                           00000004
T1CKPS1                           00000005
T1CON                             00000FCD
T1OSCEN                           00000003
T1OSI                             00000001
T1OSO                             00000000
T1RUN                             00000006
T1SYNC                            00000002
T2CKPS0                           00000000
T2CKPS1                           00000001
T2CON                             00000FCA
T2OUTPS0                          00000003
T2OUTPS1                          00000004
T2OUTPS2                          00000005
T2OUTPS3                          00000006
T3CCP1                            00000003
T3CCP2                            00000006
MPASM 5.86             NEWPIC_8B_GENERAL.ASM   2-20-2023  20:03:48         PAGE 28


SYMBOL TABLE
  LABEL                             VALUE 

T3CKPS0                           00000004
T3CKPS1                           00000005
T3CON                             00000FB1
T3SYNC                            00000002
TABLAT                            00000FF5
TAKE_DIRECTION                    00000312
TBLPTR                            00000FF6
TBLPTRH                           00000FF7
TBLPTRL                           00000FF6
TBLPTRU                           00000FF8
TMR0                              00000FD6
TMR0H                             00000FD7
TMR0IE                            00000005
TMR0IF                            00000002
TMR0IP                            00000002
TMR0L                             00000FD6
TMR0ON                            00000007
TMR1                              00000FCE
TMR1CS                            00000001
TMR1H                             00000FCF
TMR1IE                            00000000
TMR1IF                            00000000
TMR1IP                            00000000
TMR1L                             00000FCE
TMR1ON                            00000000
TMR2                              00000FCC
TMR2IE                            00000001
TMR2IF                            00000001
TMR2IP                            00000001
TMR2ON                            00000002
TMR3                              00000FB2
TMR3CS                            00000001
TMR3H                             00000FB3
TMR3IE                            00000001
TMR3IF                            00000001
TMR3IP                            00000001
TMR3L                             00000FB2
TMR3ON                            00000000
TO                                00000003
TOS                               00000FFD
TOSH                              00000FFE
TOSL                              00000FFD
TOSU                              00000FFF
TOUTPS0                           00000003
TOUTPS1                           00000004
TOUTPS2                           00000005
TOUTPS3                           00000006
TRISA                             00000F92
TRISA0                            00000000
TRISA1                            00000001
TRISA2                            00000002
TRISA3                            00000003
TRISA4                            00000004
MPASM 5.86             NEWPIC_8B_GENERAL.ASM   2-20-2023  20:03:48         PAGE 29


SYMBOL TABLE
  LABEL                             VALUE 

TRISA5                            00000005
TRISA6                            00000006
TRISA7                            00000007
TRISB                             00000F93
TRISB0                            00000000
TRISB1                            00000001
TRISB2                            00000002
TRISB3                            00000003
TRISB4                            00000004
TRISB5                            00000005
TRISB6                            00000006
TRISB7                            00000007
TRISC                             00000F94
TRISC0                            00000000
TRISC1                            00000001
TRISC2                            00000002
TRISC3                            00000003
TRISC4                            00000004
TRISC5                            00000005
TRISC6                            00000006
TRISC7                            00000007
TRISD                             00000F95
TRISD0                            00000000
TRISD1                            00000001
TRISD2                            00000002
TRISD3                            00000003
TRISD4                            00000004
TRISD5                            00000005
TRISD6                            00000006
TRISD7                            00000007
TRISE                             00000F96
TRISE0                            00000000
TRISE1                            00000001
TRISE2                            00000002
TRMT                              00000001
TUN0                              00000000
TUN1                              00000001
TUN2                              00000002
TUN3                              00000003
TUN4                              00000004
TX                                00000006
TX9                               00000006
TX9D                              00000000
TXCKP                             00000004
TXEN                              00000005
TXIE                              00000004
TXIF                              00000004
TXIP                              00000004
TXREG                             00000FAD
TXSTA                             00000FAC
T_PAS                             000004A0
T_REBOTS                          00000482
Tics20                            00000018
MPASM 5.86             NEWPIC_8B_GENERAL.ASM   2-20-2023  20:03:48         PAGE 30


SYMBOL TABLE
  LABEL                             VALUE 

TicsAlarmH                        00000013
TicsAlarmL                        00000012
TicsMinH                          00000009
TicsMinL                          00000010
TicsSegH                          00000016
TicsSegL                          00000015
UA                                00000001
UPDATE_SPEED                      000000CC
VCFG0                             00000004
VCFG1                             00000005
VDIRMAG                           00000007
VEL_0                             00000292
VEL_ACTUAL                        00000006
VEL_N_HIGH                        00000226
VEL_N_LOW                         00000270
VEL_N_MID                         0000024E
VEL_P_HIGH                        000002F2
VEL_P_LOW                         000002B2
VEL_P_MID                         000002D2
VPP                               00000003
VREFM                             00000002
VREFP                             00000003
W                                 00000000
WAIT_ADC                          00000472
WAIT_GO_ADC                       00000470
WCOL                              00000007
WDTCON                            00000FD1
WR                                00000001
WREG                              00000FE8
WREN                              00000002
WRERR                             00000003
WUE                               00000001
Z                                 00000002
_BBSIZ_BB1K_4L                    000000FF
_BBSIZ_BB256_4L                   000000CF
_BBSIZ_BB512_4L                   000000DF
_BORV_0_2L                        000000E7
_BORV_1_2L                        000000EF
_BORV_2_2L                        000000F7
_BORV_3_2L                        000000FF
_BOR_NOSLP_2L                     000000FD
_BOR_OFF_2L                       000000F9
_BOR_ON_2L                        000000FF
_BOR_SOFT_2L                      000000FB
_CCP2MX_RB3_3H                    000000FE
_CCP2MX_RC1_3H                    000000FF
_CONFIG1H                         00300001
_CONFIG2H                         00300003
_CONFIG2L                         00300002
_CONFIG3H                         00300005
_CONFIG4L                         00300006
_CONFIG5H                         00300009
_CONFIG5L                         00300008
MPASM 5.86             NEWPIC_8B_GENERAL.ASM   2-20-2023  20:03:48         PAGE 31


SYMBOL TABLE
  LABEL                             VALUE 

_CONFIG6H                         0030000B
_CONFIG6L                         0030000A
_CONFIG7H                         0030000D
_CONFIG7L                         0030000C
_CP0_OFF_5L                       000000FF
_CP0_ON_5L                        000000FE
_CP1_OFF_5L                       000000FF
_CP1_ON_5L                        000000FD
_CPB_OFF_5H                       000000FF
_CPB_ON_5H                        000000BF
_CPD_OFF_5H                       000000FF
_CPD_ON_5H                        0000007F
_DEBUG_OFF_4L                     000000FF
_DEBUG_ON_4L                      0000007F
_DEVID1                           003FFFFE
_DEVID2                           003FFFFF
_EBTR0_OFF_7L                     000000FF
_EBTR0_ON_7L                      000000FE
_EBTR1_OFF_7L                     000000FF
_EBTR1_ON_7L                      000000FD
_EBTRB_OFF_7H                     000000FF
_EBTRB_ON_7H                      000000BF
_FCMEN_OFF_1H                     000000BF
_FCMEN_ON_1H                      000000FF
_IDLOC0                           00200000
_IDLOC1                           00200001
_IDLOC2                           00200002
_IDLOC3                           00200003
_IDLOC4                           00200004
_IDLOC5                           00200005
_IDLOC6                           00200006
_IDLOC7                           00200007
_IESO_OFF_1H                      0000007F
_IESO_ON_1H                       000000FF
_LPT1OSC_OFF_3H                   000000FB
_LPT1OSC_ON_3H                    000000FF
_LVP_OFF_4L                       000000FB
_LVP_ON_4L                        000000FF
_MCLRE_OFF_3H                     0000007F
_MCLRE_ON_3H                      000000FF
_OSC_ECIO_1H                      000000F5
_OSC_EC_1H                        000000F4
_OSC_HSPLL_1H                     000000F6
_OSC_HS_1H                        000000F2
_OSC_INTIO1_1H                    000000F9
_OSC_INTIO2_1H                    000000F8
_OSC_LP_1H                        000000F0
_OSC_RCIO_1H                      000000F7
_OSC_RC_1H                        000000F3
_OSC_XT_1H                        000000F1
_PBADEN_ANA_3H                    000000FF
_PBADEN_DIG_3H                    000000FD
_PWRT_OFF_2L                      000000FF
MPASM 5.86             NEWPIC_8B_GENERAL.ASM   2-20-2023  20:03:48         PAGE 32


SYMBOL TABLE
  LABEL                             VALUE 

_PWRT_ON_2L                       000000FE
_STVREN_OFF_4L                    000000FE
_STVREN_ON_4L                     000000FF
_WDTPS_1024_2H                    000000F5
_WDTPS_128_2H                     000000EF
_WDTPS_16384_2H                   000000FD
_WDTPS_16_2H                      000000E9
_WDTPS_1_2H                       000000E1
_WDTPS_2048_2H                    000000F7
_WDTPS_256_2H                     000000F1
_WDTPS_2_2H                       000000E3
_WDTPS_32768_2H                   000000FF
_WDTPS_32_2H                      000000EB
_WDTPS_4096_2H                    000000F9
_WDTPS_4_2H                       000000E5
_WDTPS_512_2H                     000000F3
_WDTPS_64_2H                      000000ED
_WDTPS_8192_2H                    000000FB
_WDTPS_8_2H                       000000E7
_WDT_OFF_2H                       000000FE
_WDT_ON_2H                        000000FF
_WRT0_OFF_6L                      000000FF
_WRT0_ON_6L                       000000FE
_WRT1_OFF_6L                      000000FF
_WRT1_ON_6L                       000000FD
_WRTB_OFF_6H                      000000FF
_WRTB_ON_6H                       000000BF
_WRTC_OFF_6H                      000000FF
_WRTC_ON_6H                       000000DF
_WRTD_OFF_6H                      000000FF
_WRTD_ON_6H                       0000007F
_XINST_OFF_4L                     000000BF
_XINST_ON_4L                      000000FF
__18F4321                         00000001

Errors   :     0
Warnings :    38 reported,     0 suppressed
Messages :     0 reported,     0 suppressed

